<?xml version="1.0" encoding="UTF-8"?>
<testsuite xmlns:xsi="http://www.w3.org/2001/XMLSchema-instance" xsi:noNamespaceSchemaLocation="https://maven.apache.org/surefire/maven-surefire-plugin/xsd/surefire-test-report-3.0.xsd" version="3.0" name="org.switify.AppTest" time="0.044" tests="1" errors="0" skipped="0" failures="0">
  <properties>
    <property name="gopherProxySet" value="false"/>
    <property name="awt.toolkit" value="sun.lwawt.macosx.LWCToolkit"/>
    <property name="java.specification.version" value="11"/>
    <property name="sun.cpu.isalist" value=""/>
    <property name="sun.jnu.encoding" value="UTF-8"/>
    <property name="java.class.path" value="/Users/megatron/repos/CSC207REAL/Swiftify/target/test-classes:/Users/megatron/repos/CSC207REAL/Swiftify/target/classes:/Users/megatron/.m2/repository/junit/junit/3.8.1/junit-3.8.1.jar:/Users/megatron/.m2/repository/software/amazon/awssdk/aws-sdk-java/2.21.12/aws-sdk-java-2.21.12.jar:/Users/megatron/.m2/repository/software/amazon/awssdk/acm/2.21.12/acm-2.21.12.jar:/Users/megatron/.m2/repository/software/amazon/awssdk/aws-json-protocol/2.21.12/aws-json-protocol-2.21.12.jar:/Users/megatron/.m2/repository/software/amazon/awssdk/protocol-core/2.21.12/protocol-core-2.21.12.jar:/Users/megatron/.m2/repository/software/amazon/awssdk/http-auth-aws/2.21.12/http-auth-aws-2.21.12.jar:/Users/megatron/.m2/repository/software/amazon/awssdk/checksums-spi/2.21.12/checksums-spi-2.21.12.jar:/Users/megatron/.m2/repository/software/amazon/awssdk/checksums/2.21.12/checksums-2.21.12.jar:/Users/megatron/.m2/repository/software/amazon/awssdk/sdk-core/2.21.12/sdk-core-2.21.12.jar:/Users/megatron/.m2/repository/org/slf4j/slf4j-api/1.7.30/slf4j-api-1.7.30.jar:/Users/megatron/.m2/repository/org/reactivestreams/reactive-streams/1.0.4/reactive-streams-1.0.4.jar:/Users/megatron/.m2/repository/software/amazon/awssdk/auth/2.21.12/auth-2.21.12.jar:/Users/megatron/.m2/repository/software/amazon/eventstream/eventstream/1.0.1/eventstream-1.0.1.jar:/Users/megatron/.m2/repository/software/amazon/awssdk/http-auth-spi/2.21.12/http-auth-spi-2.21.12.jar:/Users/megatron/.m2/repository/software/amazon/awssdk/http-auth/2.21.12/http-auth-2.21.12.jar:/Users/megatron/.m2/repository/software/amazon/awssdk/identity-spi/2.21.12/identity-spi-2.21.12.jar:/Users/megatron/.m2/repository/software/amazon/awssdk/http-client-spi/2.21.12/http-client-spi-2.21.12.jar:/Users/megatron/.m2/repository/software/amazon/awssdk/regions/2.21.12/regions-2.21.12.jar:/Users/megatron/.m2/repository/software/amazon/awssdk/annotations/2.21.12/annotations-2.21.12.jar:/Users/megatron/.m2/repository/software/amazon/awssdk/utils/2.21.12/utils-2.21.12.jar:/Users/megatron/.m2/repository/software/amazon/awssdk/aws-core/2.21.12/aws-core-2.21.12.jar:/Users/megatron/.m2/repository/software/amazon/awssdk/metrics-spi/2.21.12/metrics-spi-2.21.12.jar:/Users/megatron/.m2/repository/software/amazon/awssdk/json-utils/2.21.12/json-utils-2.21.12.jar:/Users/megatron/.m2/repository/software/amazon/awssdk/endpoints-spi/2.21.12/endpoints-spi-2.21.12.jar:/Users/megatron/.m2/repository/software/amazon/awssdk/profiles/2.21.12/profiles-2.21.12.jar:/Users/megatron/.m2/repository/software/amazon/awssdk/apache-client/2.21.12/apache-client-2.21.12.jar:/Users/megatron/.m2/repository/org/apache/httpcomponents/httpclient/4.5.13/httpclient-4.5.13.jar:/Users/megatron/.m2/repository/commons-logging/commons-logging/1.2/commons-logging-1.2.jar:/Users/megatron/.m2/repository/org/apache/httpcomponents/httpcore/4.4.13/httpcore-4.4.13.jar:/Users/megatron/.m2/repository/commons-codec/commons-codec/1.15/commons-codec-1.15.jar:/Users/megatron/.m2/repository/software/amazon/awssdk/netty-nio-client/2.21.12/netty-nio-client-2.21.12.jar:/Users/megatron/.m2/repository/io/netty/netty-codec-http/4.1.100.Final/netty-codec-http-4.1.100.Final.jar:/Users/megatron/.m2/repository/io/netty/netty-codec-http2/4.1.100.Final/netty-codec-http2-4.1.100.Final.jar:/Users/megatron/.m2/repository/io/netty/netty-codec/4.1.100.Final/netty-codec-4.1.100.Final.jar:/Users/megatron/.m2/repository/io/netty/netty-transport/4.1.100.Final/netty-transport-4.1.100.Final.jar:/Users/megatron/.m2/repository/io/netty/netty-common/4.1.100.Final/netty-common-4.1.100.Final.jar:/Users/megatron/.m2/repository/io/netty/netty-buffer/4.1.100.Final/netty-buffer-4.1.100.Final.jar:/Users/megatron/.m2/repository/io/netty/netty-handler/4.1.100.Final/netty-handler-4.1.100.Final.jar:/Users/megatron/.m2/repository/io/netty/netty-transport-native-unix-common/4.1.100.Final/netty-transport-native-unix-common-4.1.100.Final.jar:/Users/megatron/.m2/repository/io/netty/netty-transport-classes-epoll/4.1.100.Final/netty-transport-classes-epoll-4.1.100.Final.jar:/Users/megatron/.m2/repository/io/netty/netty-resolver/4.1.100.Final/netty-resolver-4.1.100.Final.jar:/Users/megatron/.m2/repository/software/amazon/awssdk/acmpca/2.21.12/acmpca-2.21.12.jar:/Users/megatron/.m2/repository/software/amazon/awssdk/alexaforbusiness/2.21.12/alexaforbusiness-2.21.12.jar:/Users/megatron/.m2/repository/software/amazon/awssdk/amplify/2.21.12/amplify-2.21.12.jar:/Users/megatron/.m2/repository/software/amazon/awssdk/apigateway/2.21.12/apigateway-2.21.12.jar:/Users/megatron/.m2/repository/software/amazon/awssdk/apigatewaymanagementapi/2.21.12/apigatewaymanagementapi-2.21.12.jar:/Users/megatron/.m2/repository/software/amazon/awssdk/apigatewayv2/2.21.12/apigatewayv2-2.21.12.jar:/Users/megatron/.m2/repository/software/amazon/awssdk/applicationautoscaling/2.21.12/applicationautoscaling-2.21.12.jar:/Users/megatron/.m2/repository/software/amazon/awssdk/applicationdiscovery/2.21.12/applicationdiscovery-2.21.12.jar:/Users/megatron/.m2/repository/software/amazon/awssdk/appmesh/2.21.12/appmesh-2.21.12.jar:/Users/megatron/.m2/repository/software/amazon/awssdk/appstream/2.21.12/appstream-2.21.12.jar:/Users/megatron/.m2/repository/software/amazon/awssdk/appsync/2.21.12/appsync-2.21.12.jar:/Users/megatron/.m2/repository/software/amazon/awssdk/athena/2.21.12/athena-2.21.12.jar:/Users/megatron/.m2/repository/software/amazon/awssdk/autoscaling/2.21.12/autoscaling-2.21.12.jar:/Users/megatron/.m2/repository/software/amazon/awssdk/aws-query-protocol/2.21.12/aws-query-protocol-2.21.12.jar:/Users/megatron/.m2/repository/software/amazon/awssdk/autoscalingplans/2.21.12/autoscalingplans-2.21.12.jar:/Users/megatron/.m2/repository/software/amazon/awssdk/backup/2.21.12/backup-2.21.12.jar:/Users/megatron/.m2/repository/software/amazon/awssdk/batch/2.21.12/batch-2.21.12.jar:/Users/megatron/.m2/repository/software/amazon/awssdk/budgets/2.21.12/budgets-2.21.12.jar:/Users/megatron/.m2/repository/software/amazon/awssdk/chime/2.21.12/chime-2.21.12.jar:/Users/megatron/.m2/repository/software/amazon/awssdk/cloud9/2.21.12/cloud9-2.21.12.jar:/Users/megatron/.m2/repository/software/amazon/awssdk/clouddirectory/2.21.12/clouddirectory-2.21.12.jar:/Users/megatron/.m2/repository/software/amazon/awssdk/cloudformation/2.21.12/cloudformation-2.21.12.jar:/Users/megatron/.m2/repository/software/amazon/awssdk/cloudfront/2.21.12/cloudfront-2.21.12.jar:/Users/megatron/.m2/repository/software/amazon/awssdk/aws-xml-protocol/2.21.12/aws-xml-protocol-2.21.12.jar:/Users/megatron/.m2/repository/software/amazon/awssdk/cloudhsm/2.21.12/cloudhsm-2.21.12.jar:/Users/megatron/.m2/repository/software/amazon/awssdk/cloudhsmv2/2.21.12/cloudhsmv2-2.21.12.jar:/Users/megatron/.m2/repository/software/amazon/awssdk/cloudsearch/2.21.12/cloudsearch-2.21.12.jar:/Users/megatron/.m2/repository/software/amazon/awssdk/cloudsearchdomain/2.21.12/cloudsearchdomain-2.21.12.jar:/Users/megatron/.m2/repository/software/amazon/awssdk/cloudtrail/2.21.12/cloudtrail-2.21.12.jar:/Users/megatron/.m2/repository/software/amazon/awssdk/cloudwatch/2.21.12/cloudwatch-2.21.12.jar:/Users/megatron/.m2/repository/software/amazon/awssdk/cloudwatchevents/2.21.12/cloudwatchevents-2.21.12.jar:/Users/megatron/.m2/repository/software/amazon/awssdk/cloudwatchlogs/2.21.12/cloudwatchlogs-2.21.12.jar:/Users/megatron/.m2/repository/software/amazon/awssdk/codebuild/2.21.12/codebuild-2.21.12.jar:/Users/megatron/.m2/repository/software/amazon/awssdk/codecommit/2.21.12/codecommit-2.21.12.jar:/Users/megatron/.m2/repository/software/amazon/awssdk/codedeploy/2.21.12/codedeploy-2.21.12.jar:/Users/megatron/.m2/repository/software/amazon/awssdk/codepipeline/2.21.12/codepipeline-2.21.12.jar:/Users/megatron/.m2/repository/software/amazon/awssdk/codestar/2.21.12/codestar-2.21.12.jar:/Users/megatron/.m2/repository/software/amazon/awssdk/cognitoidentity/2.21.12/cognitoidentity-2.21.12.jar:/Users/megatron/.m2/repository/software/amazon/awssdk/cognitoidentityprovider/2.21.12/cognitoidentityprovider-2.21.12.jar:/Users/megatron/.m2/repository/software/amazon/awssdk/cognitosync/2.21.12/cognitosync-2.21.12.jar:/Users/megatron/.m2/repository/software/amazon/awssdk/comprehend/2.21.12/comprehend-2.21.12.jar:/Users/megatron/.m2/repository/software/amazon/awssdk/comprehendmedical/2.21.12/comprehendmedical-2.21.12.jar:/Users/megatron/.m2/repository/software/amazon/awssdk/config/2.21.12/config-2.21.12.jar:/Users/megatron/.m2/repository/software/amazon/awssdk/connect/2.21.12/connect-2.21.12.jar:/Users/megatron/.m2/repository/software/amazon/awssdk/costandusagereport/2.21.12/costandusagereport-2.21.12.jar:/Users/megatron/.m2/repository/software/amazon/awssdk/costexplorer/2.21.12/costexplorer-2.21.12.jar:/Users/megatron/.m2/repository/software/amazon/awssdk/databasemigration/2.21.12/databasemigration-2.21.12.jar:/Users/megatron/.m2/repository/software/amazon/awssdk/datapipeline/2.21.12/datapipeline-2.21.12.jar:/Users/megatron/.m2/repository/software/amazon/awssdk/datasync/2.21.12/datasync-2.21.12.jar:/Users/megatron/.m2/repository/software/amazon/awssdk/dax/2.21.12/dax-2.21.12.jar:/Users/megatron/.m2/repository/software/amazon/awssdk/devicefarm/2.21.12/devicefarm-2.21.12.jar:/Users/megatron/.m2/repository/software/amazon/awssdk/directconnect/2.21.12/directconnect-2.21.12.jar:/Users/megatron/.m2/repository/software/amazon/awssdk/directory/2.21.12/directory-2.21.12.jar:/Users/megatron/.m2/repository/software/amazon/awssdk/dlm/2.21.12/dlm-2.21.12.jar:/Users/megatron/.m2/repository/software/amazon/awssdk/docdb/2.21.12/docdb-2.21.12.jar:/Users/megatron/.m2/repository/software/amazon/awssdk/dynamodb/2.21.12/dynamodb-2.21.12.jar:/Users/megatron/.m2/repository/software/amazon/awssdk/ec2/2.21.12/ec2-2.21.12.jar:/Users/megatron/.m2/repository/software/amazon/awssdk/ecr/2.21.12/ecr-2.21.12.jar:/Users/megatron/.m2/repository/software/amazon/awssdk/ecs/2.21.12/ecs-2.21.12.jar:/Users/megatron/.m2/repository/software/amazon/awssdk/efs/2.21.12/efs-2.21.12.jar:/Users/megatron/.m2/repository/software/amazon/awssdk/eks/2.21.12/eks-2.21.12.jar:/Users/megatron/.m2/repository/software/amazon/awssdk/elasticache/2.21.12/elasticache-2.21.12.jar:/Users/megatron/.m2/repository/software/amazon/awssdk/elasticbeanstalk/2.21.12/elasticbeanstalk-2.21.12.jar:/Users/megatron/.m2/repository/software/amazon/awssdk/elasticloadbalancing/2.21.12/elasticloadbalancing-2.21.12.jar:/Users/megatron/.m2/repository/software/amazon/awssdk/elasticloadbalancingv2/2.21.12/elasticloadbalancingv2-2.21.12.jar:/Users/megatron/.m2/repository/software/amazon/awssdk/elasticsearch/2.21.12/elasticsearch-2.21.12.jar:/Users/megatron/.m2/repository/software/amazon/awssdk/elastictranscoder/2.21.12/elastictranscoder-2.21.12.jar:/Users/megatron/.m2/repository/software/amazon/awssdk/emr/2.21.12/emr-2.21.12.jar:/Users/megatron/.m2/repository/software/amazon/awssdk/firehose/2.21.12/firehose-2.21.12.jar:/Users/megatron/.m2/repository/software/amazon/awssdk/fms/2.21.12/fms-2.21.12.jar:/Users/megatron/.m2/repository/software/amazon/awssdk/fsx/2.21.12/fsx-2.21.12.jar:/Users/megatron/.m2/repository/software/amazon/awssdk/gamelift/2.21.12/gamelift-2.21.12.jar:/Users/megatron/.m2/repository/software/amazon/awssdk/glacier/2.21.12/glacier-2.21.12.jar:/Users/megatron/.m2/repository/software/amazon/awssdk/globalaccelerator/2.21.12/globalaccelerator-2.21.12.jar:/Users/megatron/.m2/repository/software/amazon/awssdk/glue/2.21.12/glue-2.21.12.jar:/Users/megatron/.m2/repository/software/amazon/awssdk/greengrass/2.21.12/greengrass-2.21.12.jar:/Users/megatron/.m2/repository/software/amazon/awssdk/guardduty/2.21.12/guardduty-2.21.12.jar:/Users/megatron/.m2/repository/software/amazon/awssdk/health/2.21.12/health-2.21.12.jar:/Users/megatron/.m2/repository/software/amazon/awssdk/iam/2.21.12/iam-2.21.12.jar:/Users/megatron/.m2/repository/software/amazon/awssdk/iam-policy-builder/2.21.12/iam-policy-builder-2.21.12.jar:/Users/megatron/.m2/repository/software/amazon/awssdk/third-party-jackson-core/2.21.12/third-party-jackson-core-2.21.12.jar:/Users/megatron/.m2/repository/software/amazon/awssdk/inspector/2.21.12/inspector-2.21.12.jar:/Users/megatron/.m2/repository/software/amazon/awssdk/iot/2.21.12/iot-2.21.12.jar:/Users/megatron/.m2/repository/software/amazon/awssdk/iot1clickdevices/2.21.12/iot1clickdevices-2.21.12.jar:/Users/megatron/.m2/repository/software/amazon/awssdk/iot1clickprojects/2.21.12/iot1clickprojects-2.21.12.jar:/Users/megatron/.m2/repository/software/amazon/awssdk/iotanalytics/2.21.12/iotanalytics-2.21.12.jar:/Users/megatron/.m2/repository/software/amazon/awssdk/iotdataplane/2.21.12/iotdataplane-2.21.12.jar:/Users/megatron/.m2/repository/software/amazon/awssdk/iotjobsdataplane/2.21.12/iotjobsdataplane-2.21.12.jar:/Users/megatron/.m2/repository/software/amazon/awssdk/kafka/2.21.12/kafka-2.21.12.jar:/Users/megatron/.m2/repository/software/amazon/awssdk/kinesis/2.21.12/kinesis-2.21.12.jar:/Users/megatron/.m2/repository/software/amazon/awssdk/aws-cbor-protocol/2.21.12/aws-cbor-protocol-2.21.12.jar:/Users/megatron/.m2/repository/software/amazon/awssdk/third-party-jackson-dataformat-cbor/2.21.12/third-party-jackson-dataformat-cbor-2.21.12.jar:/Users/megatron/.m2/repository/software/amazon/awssdk/kinesisanalytics/2.21.12/kinesisanalytics-2.21.12.jar:/Users/megatron/.m2/repository/software/amazon/awssdk/kinesisanalyticsv2/2.21.12/kinesisanalyticsv2-2.21.12.jar:/Users/megatron/.m2/repository/software/amazon/awssdk/kinesisvideo/2.21.12/kinesisvideo-2.21.12.jar:/Users/megatron/.m2/repository/software/amazon/awssdk/kinesisvideoarchivedmedia/2.21.12/kinesisvideoarchivedmedia-2.21.12.jar:/Users/megatron/.m2/repository/software/amazon/awssdk/kinesisvideomedia/2.21.12/kinesisvideomedia-2.21.12.jar:/Users/megatron/.m2/repository/software/amazon/awssdk/kms/2.21.12/kms-2.21.12.jar:/Users/megatron/.m2/repository/software/amazon/awssdk/lambda/2.21.12/lambda-2.21.12.jar:/Users/megatron/.m2/repository/software/amazon/awssdk/lexmodelbuilding/2.21.12/lexmodelbuilding-2.21.12.jar:/Users/megatron/.m2/repository/software/amazon/awssdk/lexruntime/2.21.12/lexruntime-2.21.12.jar:/Users/megatron/.m2/repository/software/amazon/awssdk/licensemanager/2.21.12/licensemanager-2.21.12.jar:/Users/megatron/.m2/repository/software/amazon/awssdk/lightsail/2.21.12/lightsail-2.21.12.jar:/Users/megatron/.m2/repository/software/amazon/awssdk/machinelearning/2.21.12/machinelearning-2.21.12.jar:/Users/megatron/.m2/repository/software/amazon/awssdk/macie/2.21.12/macie-2.21.12.jar:/Users/megatron/.m2/repository/software/amazon/awssdk/managedblockchain/2.21.12/managedblockchain-2.21.12.jar:/Users/megatron/.m2/repository/software/amazon/awssdk/marketplacecommerceanalytics/2.21.12/marketplacecommerceanalytics-2.21.12.jar:/Users/megatron/.m2/repository/software/amazon/awssdk/marketplaceentitlement/2.21.12/marketplaceentitlement-2.21.12.jar:/Users/megatron/.m2/repository/software/amazon/awssdk/marketplacemetering/2.21.12/marketplacemetering-2.21.12.jar:/Users/megatron/.m2/repository/software/amazon/awssdk/mediaconnect/2.21.12/mediaconnect-2.21.12.jar:/Users/megatron/.m2/repository/software/amazon/awssdk/mediaconvert/2.21.12/mediaconvert-2.21.12.jar:/Users/megatron/.m2/repository/software/amazon/awssdk/medialive/2.21.12/medialive-2.21.12.jar:/Users/megatron/.m2/repository/software/amazon/awssdk/mediapackage/2.21.12/mediapackage-2.21.12.jar:/Users/megatron/.m2/repository/software/amazon/awssdk/mediapackagevod/2.21.12/mediapackagevod-2.21.12.jar:/Users/megatron/.m2/repository/software/amazon/awssdk/mediastore/2.21.12/mediastore-2.21.12.jar:/Users/megatron/.m2/repository/software/amazon/awssdk/mediastoredata/2.21.12/mediastoredata-2.21.12.jar:/Users/megatron/.m2/repository/software/amazon/awssdk/mediatailor/2.21.12/mediatailor-2.21.12.jar:/Users/megatron/.m2/repository/software/amazon/awssdk/migrationhub/2.21.12/migrationhub-2.21.12.jar:/Users/megatron/.m2/repository/software/amazon/awssdk/mobile/2.21.12/mobile-2.21.12.jar:/Users/megatron/.m2/repository/software/amazon/awssdk/mq/2.21.12/mq-2.21.12.jar:/Users/megatron/.m2/repository/software/amazon/awssdk/mturk/2.21.12/mturk-2.21.12.jar:/Users/megatron/.m2/repository/software/amazon/awssdk/neptune/2.21.12/neptune-2.21.12.jar:/Users/megatron/.m2/repository/software/amazon/awssdk/opsworks/2.21.12/opsworks-2.21.12.jar:/Users/megatron/.m2/repository/software/amazon/awssdk/opsworkscm/2.21.12/opsworkscm-2.21.12.jar:/Users/megatron/.m2/repository/software/amazon/awssdk/organizations/2.21.12/organizations-2.21.12.jar:/Users/megatron/.m2/repository/software/amazon/awssdk/pi/2.21.12/pi-2.21.12.jar:/Users/megatron/.m2/repository/software/amazon/awssdk/pinpoint/2.21.12/pinpoint-2.21.12.jar:/Users/megatron/.m2/repository/software/amazon/awssdk/pinpointemail/2.21.12/pinpointemail-2.21.12.jar:/Users/megatron/.m2/repository/software/amazon/awssdk/pinpointsmsvoice/2.21.12/pinpointsmsvoice-2.21.12.jar:/Users/megatron/.m2/repository/software/amazon/awssdk/polly/2.21.12/polly-2.21.12.jar:/Users/megatron/.m2/repository/software/amazon/awssdk/pricing/2.21.12/pricing-2.21.12.jar:/Users/megatron/.m2/repository/software/amazon/awssdk/quicksight/2.21.12/quicksight-2.21.12.jar:/Users/megatron/.m2/repository/software/amazon/awssdk/ram/2.21.12/ram-2.21.12.jar:/Users/megatron/.m2/repository/software/amazon/awssdk/rds/2.21.12/rds-2.21.12.jar:/Users/megatron/.m2/repository/software/amazon/awssdk/rdsdata/2.21.12/rdsdata-2.21.12.jar:/Users/megatron/.m2/repository/software/amazon/awssdk/redshift/2.21.12/redshift-2.21.12.jar:/Users/megatron/.m2/repository/software/amazon/awssdk/rekognition/2.21.12/rekognition-2.21.12.jar:/Users/megatron/.m2/repository/software/amazon/awssdk/resourcegroups/2.21.12/resourcegroups-2.21.12.jar:/Users/megatron/.m2/repository/software/amazon/awssdk/resourcegroupstaggingapi/2.21.12/resourcegroupstaggingapi-2.21.12.jar:/Users/megatron/.m2/repository/software/amazon/awssdk/robomaker/2.21.12/robomaker-2.21.12.jar:/Users/megatron/.m2/repository/software/amazon/awssdk/route53/2.21.12/route53-2.21.12.jar:/Users/megatron/.m2/repository/software/amazon/awssdk/route53domains/2.21.12/route53domains-2.21.12.jar:/Users/megatron/.m2/repository/software/amazon/awssdk/route53resolver/2.21.12/route53resolver-2.21.12.jar:/Users/megatron/.m2/repository/software/amazon/awssdk/s3/2.21.12/s3-2.21.12.jar:/Users/megatron/.m2/repository/software/amazon/awssdk/arns/2.21.12/arns-2.21.12.jar:/Users/megatron/.m2/repository/software/amazon/awssdk/crt-core/2.21.12/crt-core-2.21.12.jar:/Users/megatron/.m2/repository/software/amazon/awssdk/s3control/2.21.12/s3control-2.21.12.jar:/Users/megatron/.m2/repository/software/amazon/awssdk/s3-transfer-manager/2.21.12/s3-transfer-manager-2.21.12.jar:/Users/megatron/.m2/repository/software/amazon/awssdk/sagemaker/2.21.12/sagemaker-2.21.12.jar:/Users/megatron/.m2/repository/software/amazon/awssdk/sagemakerruntime/2.21.12/sagemakerruntime-2.21.12.jar:/Users/megatron/.m2/repository/software/amazon/awssdk/secretsmanager/2.21.12/secretsmanager-2.21.12.jar:/Users/megatron/.m2/repository/software/amazon/awssdk/securityhub/2.21.12/securityhub-2.21.12.jar:/Users/megatron/.m2/repository/software/amazon/awssdk/serverlessapplicationrepository/2.21.12/serverlessapplicationrepository-2.21.12.jar:/Users/megatron/.m2/repository/software/amazon/awssdk/servicecatalog/2.21.12/servicecatalog-2.21.12.jar:/Users/megatron/.m2/repository/software/amazon/awssdk/servicediscovery/2.21.12/servicediscovery-2.21.12.jar:/Users/megatron/.m2/repository/software/amazon/awssdk/ses/2.21.12/ses-2.21.12.jar:/Users/megatron/.m2/repository/software/amazon/awssdk/sfn/2.21.12/sfn-2.21.12.jar:/Users/megatron/.m2/repository/software/amazon/awssdk/shield/2.21.12/shield-2.21.12.jar:/Users/megatron/.m2/repository/software/amazon/awssdk/signer/2.21.12/signer-2.21.12.jar:/Users/megatron/.m2/repository/software/amazon/awssdk/sms/2.21.12/sms-2.21.12.jar:/Users/megatron/.m2/repository/software/amazon/awssdk/snowball/2.21.12/snowball-2.21.12.jar:/Users/megatron/.m2/repository/software/amazon/awssdk/sns/2.21.12/sns-2.21.12.jar:/Users/megatron/.m2/repository/software/amazon/awssdk/sqs/2.21.12/sqs-2.21.12.jar:/Users/megatron/.m2/repository/software/amazon/awssdk/ssm/2.21.12/ssm-2.21.12.jar:/Users/megatron/.m2/repository/software/amazon/awssdk/storagegateway/2.21.12/storagegateway-2.21.12.jar:/Users/megatron/.m2/repository/software/amazon/awssdk/sts/2.21.12/sts-2.21.12.jar:/Users/megatron/.m2/repository/software/amazon/awssdk/support/2.21.12/support-2.21.12.jar:/Users/megatron/.m2/repository/software/amazon/awssdk/swf/2.21.12/swf-2.21.12.jar:/Users/megatron/.m2/repository/software/amazon/awssdk/textract/2.21.12/textract-2.21.12.jar:/Users/megatron/.m2/repository/software/amazon/awssdk/transcribe/2.21.12/transcribe-2.21.12.jar:/Users/megatron/.m2/repository/software/amazon/awssdk/transcribestreaming/2.21.12/transcribestreaming-2.21.12.jar:/Users/megatron/.m2/repository/software/amazon/awssdk/http-auth-aws-eventstream/2.21.12/http-auth-aws-eventstream-2.21.12.jar:/Users/megatron/.m2/repository/software/amazon/awssdk/transfer/2.21.12/transfer-2.21.12.jar:/Users/megatron/.m2/repository/software/amazon/awssdk/translate/2.21.12/translate-2.21.12.jar:/Users/megatron/.m2/repository/software/amazon/awssdk/waf/2.21.12/waf-2.21.12.jar:/Users/megatron/.m2/repository/software/amazon/awssdk/workdocs/2.21.12/workdocs-2.21.12.jar:/Users/megatron/.m2/repository/software/amazon/awssdk/worklink/2.21.12/worklink-2.21.12.jar:/Users/megatron/.m2/repository/software/amazon/awssdk/workmail/2.21.12/workmail-2.21.12.jar:/Users/megatron/.m2/repository/software/amazon/awssdk/workspaces/2.21.12/workspaces-2.21.12.jar:/Users/megatron/.m2/repository/software/amazon/awssdk/xray/2.21.12/xray-2.21.12.jar:/Users/megatron/.m2/repository/software/amazon/awssdk/groundstation/2.21.12/groundstation-2.21.12.jar:/Users/megatron/.m2/repository/software/amazon/awssdk/iotthingsgraph/2.21.12/iotthingsgraph-2.21.12.jar:/Users/megatron/.m2/repository/software/amazon/awssdk/iotevents/2.21.12/iotevents-2.21.12.jar:/Users/megatron/.m2/repository/software/amazon/awssdk/ioteventsdata/2.21.12/ioteventsdata-2.21.12.jar:/Users/megatron/.m2/repository/software/amazon/awssdk/personalizeruntime/2.21.12/personalizeruntime-2.21.12.jar:/Users/megatron/.m2/repository/software/amazon/awssdk/personalize/2.21.12/personalize-2.21.12.jar:/Users/megatron/.m2/repository/software/amazon/awssdk/personalizeevents/2.21.12/personalizeevents-2.21.12.jar:/Users/megatron/.m2/repository/software/amazon/awssdk/servicequotas/2.21.12/servicequotas-2.21.12.jar:/Users/megatron/.m2/repository/software/amazon/awssdk/applicationinsights/2.21.12/applicationinsights-2.21.12.jar:/Users/megatron/.m2/repository/software/amazon/awssdk/ec2instanceconnect/2.21.12/ec2instanceconnect-2.21.12.jar:/Users/megatron/.m2/repository/software/amazon/awssdk/eventbridge/2.21.12/eventbridge-2.21.12.jar:/Users/megatron/.m2/repository/software/amazon/awssdk/lakeformation/2.21.12/lakeformation-2.21.12.jar:/Users/megatron/.m2/repository/software/amazon/awssdk/forecast/2.21.12/forecast-2.21.12.jar:/Users/megatron/.m2/repository/software/amazon/awssdk/forecastquery/2.21.12/forecastquery-2.21.12.jar:/Users/megatron/.m2/repository/software/amazon/awssdk/qldb/2.21.12/qldb-2.21.12.jar:/Users/megatron/.m2/repository/software/amazon/awssdk/qldbsession/2.21.12/qldbsession-2.21.12.jar:/Users/megatron/.m2/repository/software/amazon/awssdk/workmailmessageflow/2.21.12/workmailmessageflow-2.21.12.jar:/Users/megatron/.m2/repository/software/amazon/awssdk/codestarnotifications/2.21.12/codestarnotifications-2.21.12.jar:/Users/megatron/.m2/repository/software/amazon/awssdk/savingsplans/2.21.12/savingsplans-2.21.12.jar:/Users/megatron/.m2/repository/software/amazon/awssdk/sso/2.21.12/sso-2.21.12.jar:/Users/megatron/.m2/repository/software/amazon/awssdk/ssooidc/2.21.12/ssooidc-2.21.12.jar:/Users/megatron/.m2/repository/software/amazon/awssdk/marketplacecatalog/2.21.12/marketplacecatalog-2.21.12.jar:/Users/megatron/.m2/repository/software/amazon/awssdk/sesv2/2.21.12/sesv2-2.21.12.jar:/Users/megatron/.m2/repository/software/amazon/awssdk/dataexchange/2.21.12/dataexchange-2.21.12.jar:/Users/megatron/.m2/repository/software/amazon/awssdk/migrationhubconfig/2.21.12/migrationhubconfig-2.21.12.jar:/Users/megatron/.m2/repository/software/amazon/awssdk/connectparticipant/2.21.12/connectparticipant-2.21.12.jar:/Users/megatron/.m2/repository/software/amazon/awssdk/wafv2/2.21.12/wafv2-2.21.12.jar:/Users/megatron/.m2/repository/software/amazon/awssdk/appconfig/2.21.12/appconfig-2.21.12.jar:/Users/megatron/.m2/repository/software/amazon/awssdk/iotsecuretunneling/2.21.12/iotsecuretunneling-2.21.12.jar:/Users/megatron/.m2/repository/software/amazon/awssdk/elasticinference/2.21.12/elasticinference-2.21.12.jar:/Users/megatron/.m2/repository/software/amazon/awssdk/imagebuilder/2.21.12/imagebuilder-2.21.12.jar:/Users/megatron/.m2/repository/software/amazon/awssdk/schemas/2.21.12/schemas-2.21.12.jar:/Users/megatron/.m2/repository/software/amazon/awssdk/accessanalyzer/2.21.12/accessanalyzer-2.21.12.jar:/Users/megatron/.m2/repository/software/amazon/awssdk/computeoptimizer/2.21.12/computeoptimizer-2.21.12.jar:/Users/megatron/.m2/repository/software/amazon/awssdk/networkmanager/2.21.12/networkmanager-2.21.12.jar:/Users/megatron/.m2/repository/software/amazon/awssdk/kendra/2.21.12/kendra-2.21.12.jar:/Users/megatron/.m2/repository/software/amazon/awssdk/frauddetector/2.21.12/frauddetector-2.21.12.jar:/Users/megatron/.m2/repository/software/amazon/awssdk/codegurureviewer/2.21.12/codegurureviewer-2.21.12.jar:/Users/megatron/.m2/repository/software/amazon/awssdk/codeguruprofiler/2.21.12/codeguruprofiler-2.21.12.jar:/Users/megatron/.m2/repository/software/amazon/awssdk/outposts/2.21.12/outposts-2.21.12.jar:/Users/megatron/.m2/repository/software/amazon/awssdk/sagemakera2iruntime/2.21.12/sagemakera2iruntime-2.21.12.jar:/Users/megatron/.m2/repository/software/amazon/awssdk/ebs/2.21.12/ebs-2.21.12.jar:/Users/megatron/.m2/repository/software/amazon/awssdk/kinesisvideosignaling/2.21.12/kinesisvideosignaling-2.21.12.jar:/Users/megatron/.m2/repository/software/amazon/awssdk/detective/2.21.12/detective-2.21.12.jar:/Users/megatron/.m2/repository/software/amazon/awssdk/codestarconnections/2.21.12/codestarconnections-2.21.12.jar:/Users/megatron/.m2/repository/software/amazon/awssdk/synthetics/2.21.12/synthetics-2.21.12.jar:/Users/megatron/.m2/repository/software/amazon/awssdk/iotsitewise/2.21.12/iotsitewise-2.21.12.jar:/Users/megatron/.m2/repository/software/amazon/awssdk/macie2/2.21.12/macie2-2.21.12.jar:/Users/megatron/.m2/repository/software/amazon/awssdk/codeartifact/2.21.12/codeartifact-2.21.12.jar:/Users/megatron/.m2/repository/software/amazon/awssdk/honeycode/2.21.12/honeycode-2.21.12.jar:/Users/megatron/.m2/repository/software/amazon/awssdk/ivs/2.21.12/ivs-2.21.12.jar:/Users/megatron/.m2/repository/software/amazon/awssdk/braket/2.21.12/braket-2.21.12.jar:/Users/megatron/.m2/repository/software/amazon/awssdk/identitystore/2.21.12/identitystore-2.21.12.jar:/Users/megatron/.m2/repository/software/amazon/awssdk/appflow/2.21.12/appflow-2.21.12.jar:/Users/megatron/.m2/repository/software/amazon/awssdk/redshiftdata/2.21.12/redshiftdata-2.21.12.jar:/Users/megatron/.m2/repository/software/amazon/awssdk/ssoadmin/2.21.12/ssoadmin-2.21.12.jar:/Users/megatron/.m2/repository/software/amazon/awssdk/timestreamwrite/2.21.12/timestreamwrite-2.21.12.jar:/Users/megatron/.m2/repository/software/amazon/awssdk/timestreamquery/2.21.12/timestreamquery-2.21.12.jar:/Users/megatron/.m2/repository/software/amazon/awssdk/s3outposts/2.21.12/s3outposts-2.21.12.jar:/Users/megatron/.m2/repository/software/amazon/awssdk/databrew/2.21.12/databrew-2.21.12.jar:/Users/megatron/.m2/repository/software/amazon/awssdk/servicecatalogappregistry/2.21.12/servicecatalogappregistry-2.21.12.jar:/Users/megatron/.m2/repository/software/amazon/awssdk/networkfirewall/2.21.12/networkfirewall-2.21.12.jar:/Users/megatron/.m2/repository/software/amazon/awssdk/mwaa/2.21.12/mwaa-2.21.12.jar:/Users/megatron/.m2/repository/software/amazon/awssdk/devopsguru/2.21.12/devopsguru-2.21.12.jar:/Users/megatron/.m2/repository/software/amazon/awssdk/sagemakerfeaturestoreruntime/2.21.12/sagemakerfeaturestoreruntime-2.21.12.jar:/Users/megatron/.m2/repository/software/amazon/awssdk/appintegrations/2.21.12/appintegrations-2.21.12.jar:/Users/megatron/.m2/repository/software/amazon/awssdk/ecrpublic/2.21.12/ecrpublic-2.21.12.jar:/Users/megatron/.m2/repository/software/amazon/awssdk/amplifybackend/2.21.12/amplifybackend-2.21.12.jar:/Users/megatron/.m2/repository/software/amazon/awssdk/connectcontactlens/2.21.12/connectcontactlens-2.21.12.jar:/Users/megatron/.m2/repository/software/amazon/awssdk/lookoutvision/2.21.12/lookoutvision-2.21.12.jar:/Users/megatron/.m2/repository/software/amazon/awssdk/customerprofiles/2.21.12/customerprofiles-2.21.12.jar:/Users/megatron/.m2/repository/software/amazon/awssdk/emrcontainers/2.21.12/emrcontainers-2.21.12.jar:/Users/megatron/.m2/repository/software/amazon/awssdk/sagemakeredge/2.21.12/sagemakeredge-2.21.12.jar:/Users/megatron/.m2/repository/software/amazon/awssdk/healthlake/2.21.12/healthlake-2.21.12.jar:/Users/megatron/.m2/repository/software/amazon/awssdk/auditmanager/2.21.12/auditmanager-2.21.12.jar:/Users/megatron/.m2/repository/software/amazon/awssdk/amp/2.21.12/amp-2.21.12.jar:/Users/megatron/.m2/repository/software/amazon/awssdk/greengrassv2/2.21.12/greengrassv2-2.21.12.jar:/Users/megatron/.m2/repository/software/amazon/awssdk/iotwireless/2.21.12/iotwireless-2.21.12.jar:/Users/megatron/.m2/repository/software/amazon/awssdk/iotfleethub/2.21.12/iotfleethub-2.21.12.jar:/Users/megatron/.m2/repository/software/amazon/awssdk/iotdeviceadvisor/2.21.12/iotdeviceadvisor-2.21.12.jar:/Users/megatron/.m2/repository/software/amazon/awssdk/location/2.21.12/location-2.21.12.jar:/Users/megatron/.m2/repository/software/amazon/awssdk/wellarchitected/2.21.12/wellarchitected-2.21.12.jar:/Users/megatron/.m2/repository/software/amazon/awssdk/lexruntimev2/2.21.12/lexruntimev2-2.21.12.jar:/Users/megatron/.m2/repository/software/amazon/awssdk/lexmodelsv2/2.21.12/lexmodelsv2-2.21.12.jar:/Users/megatron/.m2/repository/software/amazon/awssdk/fis/2.21.12/fis-2.21.12.jar:/Users/megatron/.m2/repository/software/amazon/awssdk/lookoutmetrics/2.21.12/lookoutmetrics-2.21.12.jar:/Users/megatron/.m2/repository/software/amazon/awssdk/mgn/2.21.12/mgn-2.21.12.jar:/Users/megatron/.m2/repository/software/amazon/awssdk/lookoutequipment/2.21.12/lookoutequipment-2.21.12.jar:/Users/megatron/.m2/repository/software/amazon/awssdk/nimble/2.21.12/nimble-2.21.12.jar:/Users/megatron/.m2/repository/software/amazon/awssdk/finspacedata/2.21.12/finspacedata-2.21.12.jar:/Users/megatron/.m2/repository/software/amazon/awssdk/finspace/2.21.12/finspace-2.21.12.jar:/Users/megatron/.m2/repository/software/amazon/awssdk/ssmincidents/2.21.12/ssmincidents-2.21.12.jar:/Users/megatron/.m2/repository/software/amazon/awssdk/ssmcontacts/2.21.12/ssmcontacts-2.21.12.jar:/Users/megatron/.m2/repository/software/amazon/awssdk/applicationcostprofiler/2.21.12/applicationcostprofiler-2.21.12.jar:/Users/megatron/.m2/repository/software/amazon/awssdk/apprunner/2.21.12/apprunner-2.21.12.jar:/Users/megatron/.m2/repository/software/amazon/awssdk/proton/2.21.12/proton-2.21.12.jar:/Users/megatron/.m2/repository/software/amazon/awssdk/route53recoveryreadiness/2.21.12/route53recoveryreadiness-2.21.12.jar:/Users/megatron/.m2/repository/software/amazon/awssdk/route53recoverycontrolconfig/2.21.12/route53recoverycontrolconfig-2.21.12.jar:/Users/megatron/.m2/repository/software/amazon/awssdk/route53recoverycluster/2.21.12/route53recoverycluster-2.21.12.jar:/Users/megatron/.m2/repository/software/amazon/awssdk/chimesdkmessaging/2.21.12/chimesdkmessaging-2.21.12.jar:/Users/megatron/.m2/repository/software/amazon/awssdk/chimesdkidentity/2.21.12/chimesdkidentity-2.21.12.jar:/Users/megatron/.m2/repository/software/amazon/awssdk/snowdevicemanagement/2.21.12/snowdevicemanagement-2.21.12.jar:/Users/megatron/.m2/repository/software/amazon/awssdk/memorydb/2.21.12/memorydb-2.21.12.jar:/Users/megatron/.m2/repository/software/amazon/awssdk/opensearch/2.21.12/opensearch-2.21.12.jar:/Users/megatron/.m2/repository/software/amazon/awssdk/kafkaconnect/2.21.12/kafkaconnect-2.21.12.jar:/Users/megatron/.m2/repository/software/amazon/awssdk/wisdom/2.21.12/wisdom-2.21.12.jar:/Users/megatron/.m2/repository/software/amazon/awssdk/voiceid/2.21.12/voiceid-2.21.12.jar:/Users/megatron/.m2/repository/software/amazon/awssdk/account/2.21.12/account-2.21.12.jar:/Users/megatron/.m2/repository/software/amazon/awssdk/cloudcontrol/2.21.12/cloudcontrol-2.21.12.jar:/Users/megatron/.m2/repository/software/amazon/awssdk/grafana/2.21.12/grafana-2.21.12.jar:/Users/megatron/.m2/repository/software/amazon/awssdk/panorama/2.21.12/panorama-2.21.12.jar:/Users/megatron/.m2/repository/software/amazon/awssdk/chimesdkmeetings/2.21.12/chimesdkmeetings-2.21.12.jar:/Users/megatron/.m2/repository/software/amazon/awssdk/resiliencehub/2.21.12/resiliencehub-2.21.12.jar:/Users/megatron/.m2/repository/software/amazon/awssdk/migrationhubstrategy/2.21.12/migrationhubstrategy-2.21.12.jar:/Users/megatron/.m2/repository/software/amazon/awssdk/drs/2.21.12/drs-2.21.12.jar:/Users/megatron/.m2/repository/software/amazon/awssdk/appconfigdata/2.21.12/appconfigdata-2.21.12.jar:/Users/megatron/.m2/repository/software/amazon/awssdk/migrationhubrefactorspaces/2.21.12/migrationhubrefactorspaces-2.21.12.jar:/Users/megatron/.m2/repository/software/amazon/awssdk/inspector2/2.21.12/inspector2-2.21.12.jar:/Users/megatron/.m2/repository/software/amazon/awssdk/evidently/2.21.12/evidently-2.21.12.jar:/Users/megatron/.m2/repository/software/amazon/awssdk/rum/2.21.12/rum-2.21.12.jar:/Users/megatron/.m2/repository/software/amazon/awssdk/rbin/2.21.12/rbin-2.21.12.jar:/Users/megatron/.m2/repository/software/amazon/awssdk/iottwinmaker/2.21.12/iottwinmaker-2.21.12.jar:/Users/megatron/.m2/repository/software/amazon/awssdk/workspacesweb/2.21.12/workspacesweb-2.21.12.jar:/Users/megatron/.m2/repository/software/amazon/awssdk/backupgateway/2.21.12/backupgateway-2.21.12.jar:/Users/megatron/.m2/repository/software/amazon/awssdk/amplifyuibuilder/2.21.12/amplifyuibuilder-2.21.12.jar:/Users/megatron/.m2/repository/software/amazon/awssdk/keyspaces/2.21.12/keyspaces-2.21.12.jar:/Users/megatron/.m2/repository/software/amazon/awssdk/billingconductor/2.21.12/billingconductor-2.21.12.jar:/Users/megatron/.m2/repository/software/amazon/awssdk/pinpointsmsvoicev2/2.21.12/pinpointsmsvoicev2-2.21.12.jar:/Users/megatron/.m2/repository/software/amazon/awssdk/ivschat/2.21.12/ivschat-2.21.12.jar:/Users/megatron/.m2/repository/software/amazon/awssdk/chimesdkmediapipelines/2.21.12/chimesdkmediapipelines-2.21.12.jar:/Users/megatron/.m2/repository/software/amazon/awssdk/emrserverless/2.21.12/emrserverless-2.21.12.jar:/Users/megatron/.m2/repository/software/amazon/awssdk/m2/2.21.12/m2-2.21.12.jar:/Users/megatron/.m2/repository/software/amazon/awssdk/connectcampaigns/2.21.12/connectcampaigns-2.21.12.jar:/Users/megatron/.m2/repository/software/amazon/awssdk/redshiftserverless/2.21.12/redshiftserverless-2.21.12.jar:/Users/megatron/.m2/repository/software/amazon/awssdk/rolesanywhere/2.21.12/rolesanywhere-2.21.12.jar:/Users/megatron/.m2/repository/software/amazon/awssdk/licensemanagerusersubscriptions/2.21.12/licensemanagerusersubscriptions-2.21.12.jar:/Users/megatron/.m2/repository/software/amazon/awssdk/backupstorage/2.21.12/backupstorage-2.21.12.jar:/Users/megatron/.m2/repository/software/amazon/awssdk/privatenetworks/2.21.12/privatenetworks-2.21.12.jar:/Users/megatron/.m2/repository/software/amazon/awssdk/supportapp/2.21.12/supportapp-2.21.12.jar:/Users/megatron/.m2/repository/software/amazon/awssdk/controltower/2.21.12/controltower-2.21.12.jar:/Users/megatron/.m2/repository/software/amazon/awssdk/iotfleetwise/2.21.12/iotfleetwise-2.21.12.jar:/Users/megatron/.m2/repository/software/amazon/awssdk/migrationhuborchestrator/2.21.12/migrationhuborchestrator-2.21.12.jar:/Users/megatron/.m2/repository/software/amazon/awssdk/connectcases/2.21.12/connectcases-2.21.12.jar:/Users/megatron/.m2/repository/software/amazon/awssdk/resourceexplorer2/2.21.12/resourceexplorer2-2.21.12.jar:/Users/megatron/.m2/repository/software/amazon/awssdk/scheduler/2.21.12/scheduler-2.21.12.jar:/Users/megatron/.m2/repository/software/amazon/awssdk/ssmsap/2.21.12/ssmsap-2.21.12.jar:/Users/megatron/.m2/repository/software/amazon/awssdk/chimesdkvoice/2.21.12/chimesdkvoice-2.21.12.jar:/Users/megatron/.m2/repository/software/amazon/awssdk/iotroborunner/2.21.12/iotroborunner-2.21.12.jar:/Users/megatron/.m2/repository/software/amazon/awssdk/oam/2.21.12/oam-2.21.12.jar:/Users/megatron/.m2/repository/software/amazon/awssdk/arczonalshift/2.21.12/arczonalshift-2.21.12.jar:/Users/megatron/.m2/repository/software/amazon/awssdk/simspaceweaver/2.21.12/simspaceweaver-2.21.12.jar:/Users/megatron/.m2/repository/software/amazon/awssdk/securitylake/2.21.12/securitylake-2.21.12.jar:/Users/megatron/.m2/repository/software/amazon/awssdk/opensearchserverless/2.21.12/opensearchserverless-2.21.12.jar:/Users/megatron/.m2/repository/software/amazon/awssdk/omics/2.21.12/omics-2.21.12.jar:/Users/megatron/.m2/repository/software/amazon/awssdk/docdbelastic/2.21.12/docdbelastic-2.21.12.jar:/Users/megatron/.m2/repository/software/amazon/awssdk/sagemakergeospatial/2.21.12/sagemakergeospatial-2.21.12.jar:/Users/megatron/.m2/repository/software/amazon/awssdk/pipes/2.21.12/pipes-2.21.12.jar:/Users/megatron/.m2/repository/software/amazon/awssdk/codecatalyst/2.21.12/codecatalyst-2.21.12.jar:/Users/megatron/.m2/repository/software/amazon/awssdk/sagemakermetrics/2.21.12/sagemakermetrics-2.21.12.jar:/Users/megatron/.m2/repository/software/amazon/awssdk/kinesisvideowebrtcstorage/2.21.12/kinesisvideowebrtcstorage-2.21.12.jar:/Users/megatron/.m2/repository/software/amazon/awssdk/licensemanagerlinuxsubscriptions/2.21.12/licensemanagerlinuxsubscriptions-2.21.12.jar:/Users/megatron/.m2/repository/software/amazon/awssdk/kendraranking/2.21.12/kendraranking-2.21.12.jar:/Users/megatron/.m2/repository/software/amazon/awssdk/cleanrooms/2.21.12/cleanrooms-2.21.12.jar:/Users/megatron/.m2/repository/software/amazon/awssdk/cloudtraildata/2.21.12/cloudtraildata-2.21.12.jar:/Users/megatron/.m2/repository/software/amazon/awssdk/tnb/2.21.12/tnb-2.21.12.jar:/Users/megatron/.m2/repository/software/amazon/awssdk/internetmonitor/2.21.12/internetmonitor-2.21.12.jar:/Users/megatron/.m2/repository/software/amazon/awssdk/ivsrealtime/2.21.12/ivsrealtime-2.21.12.jar:/Users/megatron/.m2/repository/software/amazon/awssdk/vpclattice/2.21.12/vpclattice-2.21.12.jar:/Users/megatron/.m2/repository/software/amazon/awssdk/osis/2.21.12/osis-2.21.12.jar:/Users/megatron/.m2/repository/software/amazon/awssdk/mediapackagev2/2.21.12/mediapackagev2-2.21.12.jar:/Users/megatron/.m2/repository/software/amazon/awssdk/paymentcryptographydata/2.21.12/paymentcryptographydata-2.21.12.jar:/Users/megatron/.m2/repository/software/amazon/awssdk/paymentcryptography/2.21.12/paymentcryptography-2.21.12.jar:/Users/megatron/.m2/repository/software/amazon/awssdk/codegurusecurity/2.21.12/codegurusecurity-2.21.12.jar:/Users/megatron/.m2/repository/software/amazon/awssdk/verifiedpermissions/2.21.12/verifiedpermissions-2.21.12.jar:/Users/megatron/.m2/repository/software/amazon/awssdk/appfabric/2.21.12/appfabric-2.21.12.jar:/Users/megatron/.m2/repository/software/amazon/awssdk/medicalimaging/2.21.12/medicalimaging-2.21.12.jar:/Users/megatron/.m2/repository/software/amazon/awssdk/entityresolution/2.21.12/entityresolution-2.21.12.jar:/Users/megatron/.m2/repository/software/amazon/awssdk/managedblockchainquery/2.21.12/managedblockchainquery-2.21.12.jar:/Users/megatron/.m2/repository/software/amazon/awssdk/pcaconnectorad/2.21.12/pcaconnectorad-2.21.12.jar:/Users/megatron/.m2/repository/software/amazon/awssdk/neptunedata/2.21.12/neptunedata-2.21.12.jar:/Users/megatron/.m2/repository/software/amazon/awssdk/bedrockruntime/2.21.12/bedrockruntime-2.21.12.jar:/Users/megatron/.m2/repository/software/amazon/awssdk/bedrock/2.21.12/bedrock-2.21.12.jar:/Users/megatron/.m2/repository/software/amazon/awssdk/datazone/2.21.12/datazone-2.21.12.jar:"/>
    <property name="java.vm.vendor" value="AdoptOpenJDK"/>
    <property name="sun.arch.data.model" value="64"/>
    <property name="java.vendor.url" value="https://adoptopenjdk.net/"/>
    <property name="user.timezone" value=""/>
    <property name="java.vm.specification.version" value="11"/>
    <property name="os.name" value="Mac OS X"/>
    <property name="sun.java.launcher" value="SUN_STANDARD"/>
    <property name="user.country" value="CA"/>
    <property name="sun.boot.library.path" value="/Users/megatron/.sdkman/candidates/java/11.0.11.hs-adpt/lib"/>
    <property name="sun.java.command" value="/Users/megatron/repos/CSC207REAL/Swiftify/target/surefire/surefirebooter-20231031204236231_3.jar /Users/megatron/repos/CSC207REAL/Swiftify/target/surefire 2023-10-31T20-42-35_865-jvmRun1 surefire-20231031204236231_1tmp surefire_0-20231031204236231_2tmp"/>
    <property name="http.nonProxyHosts" value="local|*.local|169.254/16|*.169.254/16"/>
    <property name="jdk.debug" value="release"/>
    <property name="surefire.test.class.path" value="/Users/megatron/repos/CSC207REAL/Swiftify/target/test-classes:/Users/megatron/repos/CSC207REAL/Swiftify/target/classes:/Users/megatron/.m2/repository/junit/junit/3.8.1/junit-3.8.1.jar:/Users/megatron/.m2/repository/software/amazon/awssdk/aws-sdk-java/2.21.12/aws-sdk-java-2.21.12.jar:/Users/megatron/.m2/repository/software/amazon/awssdk/acm/2.21.12/acm-2.21.12.jar:/Users/megatron/.m2/repository/software/amazon/awssdk/aws-json-protocol/2.21.12/aws-json-protocol-2.21.12.jar:/Users/megatron/.m2/repository/software/amazon/awssdk/protocol-core/2.21.12/protocol-core-2.21.12.jar:/Users/megatron/.m2/repository/software/amazon/awssdk/http-auth-aws/2.21.12/http-auth-aws-2.21.12.jar:/Users/megatron/.m2/repository/software/amazon/awssdk/checksums-spi/2.21.12/checksums-spi-2.21.12.jar:/Users/megatron/.m2/repository/software/amazon/awssdk/checksums/2.21.12/checksums-2.21.12.jar:/Users/megatron/.m2/repository/software/amazon/awssdk/sdk-core/2.21.12/sdk-core-2.21.12.jar:/Users/megatron/.m2/repository/org/slf4j/slf4j-api/1.7.30/slf4j-api-1.7.30.jar:/Users/megatron/.m2/repository/org/reactivestreams/reactive-streams/1.0.4/reactive-streams-1.0.4.jar:/Users/megatron/.m2/repository/software/amazon/awssdk/auth/2.21.12/auth-2.21.12.jar:/Users/megatron/.m2/repository/software/amazon/eventstream/eventstream/1.0.1/eventstream-1.0.1.jar:/Users/megatron/.m2/repository/software/amazon/awssdk/http-auth-spi/2.21.12/http-auth-spi-2.21.12.jar:/Users/megatron/.m2/repository/software/amazon/awssdk/http-auth/2.21.12/http-auth-2.21.12.jar:/Users/megatron/.m2/repository/software/amazon/awssdk/identity-spi/2.21.12/identity-spi-2.21.12.jar:/Users/megatron/.m2/repository/software/amazon/awssdk/http-client-spi/2.21.12/http-client-spi-2.21.12.jar:/Users/megatron/.m2/repository/software/amazon/awssdk/regions/2.21.12/regions-2.21.12.jar:/Users/megatron/.m2/repository/software/amazon/awssdk/annotations/2.21.12/annotations-2.21.12.jar:/Users/megatron/.m2/repository/software/amazon/awssdk/utils/2.21.12/utils-2.21.12.jar:/Users/megatron/.m2/repository/software/amazon/awssdk/aws-core/2.21.12/aws-core-2.21.12.jar:/Users/megatron/.m2/repository/software/amazon/awssdk/metrics-spi/2.21.12/metrics-spi-2.21.12.jar:/Users/megatron/.m2/repository/software/amazon/awssdk/json-utils/2.21.12/json-utils-2.21.12.jar:/Users/megatron/.m2/repository/software/amazon/awssdk/endpoints-spi/2.21.12/endpoints-spi-2.21.12.jar:/Users/megatron/.m2/repository/software/amazon/awssdk/profiles/2.21.12/profiles-2.21.12.jar:/Users/megatron/.m2/repository/software/amazon/awssdk/apache-client/2.21.12/apache-client-2.21.12.jar:/Users/megatron/.m2/repository/org/apache/httpcomponents/httpclient/4.5.13/httpclient-4.5.13.jar:/Users/megatron/.m2/repository/commons-logging/commons-logging/1.2/commons-logging-1.2.jar:/Users/megatron/.m2/repository/org/apache/httpcomponents/httpcore/4.4.13/httpcore-4.4.13.jar:/Users/megatron/.m2/repository/commons-codec/commons-codec/1.15/commons-codec-1.15.jar:/Users/megatron/.m2/repository/software/amazon/awssdk/netty-nio-client/2.21.12/netty-nio-client-2.21.12.jar:/Users/megatron/.m2/repository/io/netty/netty-codec-http/4.1.100.Final/netty-codec-http-4.1.100.Final.jar:/Users/megatron/.m2/repository/io/netty/netty-codec-http2/4.1.100.Final/netty-codec-http2-4.1.100.Final.jar:/Users/megatron/.m2/repository/io/netty/netty-codec/4.1.100.Final/netty-codec-4.1.100.Final.jar:/Users/megatron/.m2/repository/io/netty/netty-transport/4.1.100.Final/netty-transport-4.1.100.Final.jar:/Users/megatron/.m2/repository/io/netty/netty-common/4.1.100.Final/netty-common-4.1.100.Final.jar:/Users/megatron/.m2/repository/io/netty/netty-buffer/4.1.100.Final/netty-buffer-4.1.100.Final.jar:/Users/megatron/.m2/repository/io/netty/netty-handler/4.1.100.Final/netty-handler-4.1.100.Final.jar:/Users/megatron/.m2/repository/io/netty/netty-transport-native-unix-common/4.1.100.Final/netty-transport-native-unix-common-4.1.100.Final.jar:/Users/megatron/.m2/repository/io/netty/netty-transport-classes-epoll/4.1.100.Final/netty-transport-classes-epoll-4.1.100.Final.jar:/Users/megatron/.m2/repository/io/netty/netty-resolver/4.1.100.Final/netty-resolver-4.1.100.Final.jar:/Users/megatron/.m2/repository/software/amazon/awssdk/acmpca/2.21.12/acmpca-2.21.12.jar:/Users/megatron/.m2/repository/software/amazon/awssdk/alexaforbusiness/2.21.12/alexaforbusiness-2.21.12.jar:/Users/megatron/.m2/repository/software/amazon/awssdk/amplify/2.21.12/amplify-2.21.12.jar:/Users/megatron/.m2/repository/software/amazon/awssdk/apigateway/2.21.12/apigateway-2.21.12.jar:/Users/megatron/.m2/repository/software/amazon/awssdk/apigatewaymanagementapi/2.21.12/apigatewaymanagementapi-2.21.12.jar:/Users/megatron/.m2/repository/software/amazon/awssdk/apigatewayv2/2.21.12/apigatewayv2-2.21.12.jar:/Users/megatron/.m2/repository/software/amazon/awssdk/applicationautoscaling/2.21.12/applicationautoscaling-2.21.12.jar:/Users/megatron/.m2/repository/software/amazon/awssdk/applicationdiscovery/2.21.12/applicationdiscovery-2.21.12.jar:/Users/megatron/.m2/repository/software/amazon/awssdk/appmesh/2.21.12/appmesh-2.21.12.jar:/Users/megatron/.m2/repository/software/amazon/awssdk/appstream/2.21.12/appstream-2.21.12.jar:/Users/megatron/.m2/repository/software/amazon/awssdk/appsync/2.21.12/appsync-2.21.12.jar:/Users/megatron/.m2/repository/software/amazon/awssdk/athena/2.21.12/athena-2.21.12.jar:/Users/megatron/.m2/repository/software/amazon/awssdk/autoscaling/2.21.12/autoscaling-2.21.12.jar:/Users/megatron/.m2/repository/software/amazon/awssdk/aws-query-protocol/2.21.12/aws-query-protocol-2.21.12.jar:/Users/megatron/.m2/repository/software/amazon/awssdk/autoscalingplans/2.21.12/autoscalingplans-2.21.12.jar:/Users/megatron/.m2/repository/software/amazon/awssdk/backup/2.21.12/backup-2.21.12.jar:/Users/megatron/.m2/repository/software/amazon/awssdk/batch/2.21.12/batch-2.21.12.jar:/Users/megatron/.m2/repository/software/amazon/awssdk/budgets/2.21.12/budgets-2.21.12.jar:/Users/megatron/.m2/repository/software/amazon/awssdk/chime/2.21.12/chime-2.21.12.jar:/Users/megatron/.m2/repository/software/amazon/awssdk/cloud9/2.21.12/cloud9-2.21.12.jar:/Users/megatron/.m2/repository/software/amazon/awssdk/clouddirectory/2.21.12/clouddirectory-2.21.12.jar:/Users/megatron/.m2/repository/software/amazon/awssdk/cloudformation/2.21.12/cloudformation-2.21.12.jar:/Users/megatron/.m2/repository/software/amazon/awssdk/cloudfront/2.21.12/cloudfront-2.21.12.jar:/Users/megatron/.m2/repository/software/amazon/awssdk/aws-xml-protocol/2.21.12/aws-xml-protocol-2.21.12.jar:/Users/megatron/.m2/repository/software/amazon/awssdk/cloudhsm/2.21.12/cloudhsm-2.21.12.jar:/Users/megatron/.m2/repository/software/amazon/awssdk/cloudhsmv2/2.21.12/cloudhsmv2-2.21.12.jar:/Users/megatron/.m2/repository/software/amazon/awssdk/cloudsearch/2.21.12/cloudsearch-2.21.12.jar:/Users/megatron/.m2/repository/software/amazon/awssdk/cloudsearchdomain/2.21.12/cloudsearchdomain-2.21.12.jar:/Users/megatron/.m2/repository/software/amazon/awssdk/cloudtrail/2.21.12/cloudtrail-2.21.12.jar:/Users/megatron/.m2/repository/software/amazon/awssdk/cloudwatch/2.21.12/cloudwatch-2.21.12.jar:/Users/megatron/.m2/repository/software/amazon/awssdk/cloudwatchevents/2.21.12/cloudwatchevents-2.21.12.jar:/Users/megatron/.m2/repository/software/amazon/awssdk/cloudwatchlogs/2.21.12/cloudwatchlogs-2.21.12.jar:/Users/megatron/.m2/repository/software/amazon/awssdk/codebuild/2.21.12/codebuild-2.21.12.jar:/Users/megatron/.m2/repository/software/amazon/awssdk/codecommit/2.21.12/codecommit-2.21.12.jar:/Users/megatron/.m2/repository/software/amazon/awssdk/codedeploy/2.21.12/codedeploy-2.21.12.jar:/Users/megatron/.m2/repository/software/amazon/awssdk/codepipeline/2.21.12/codepipeline-2.21.12.jar:/Users/megatron/.m2/repository/software/amazon/awssdk/codestar/2.21.12/codestar-2.21.12.jar:/Users/megatron/.m2/repository/software/amazon/awssdk/cognitoidentity/2.21.12/cognitoidentity-2.21.12.jar:/Users/megatron/.m2/repository/software/amazon/awssdk/cognitoidentityprovider/2.21.12/cognitoidentityprovider-2.21.12.jar:/Users/megatron/.m2/repository/software/amazon/awssdk/cognitosync/2.21.12/cognitosync-2.21.12.jar:/Users/megatron/.m2/repository/software/amazon/awssdk/comprehend/2.21.12/comprehend-2.21.12.jar:/Users/megatron/.m2/repository/software/amazon/awssdk/comprehendmedical/2.21.12/comprehendmedical-2.21.12.jar:/Users/megatron/.m2/repository/software/amazon/awssdk/config/2.21.12/config-2.21.12.jar:/Users/megatron/.m2/repository/software/amazon/awssdk/connect/2.21.12/connect-2.21.12.jar:/Users/megatron/.m2/repository/software/amazon/awssdk/costandusagereport/2.21.12/costandusagereport-2.21.12.jar:/Users/megatron/.m2/repository/software/amazon/awssdk/costexplorer/2.21.12/costexplorer-2.21.12.jar:/Users/megatron/.m2/repository/software/amazon/awssdk/databasemigration/2.21.12/databasemigration-2.21.12.jar:/Users/megatron/.m2/repository/software/amazon/awssdk/datapipeline/2.21.12/datapipeline-2.21.12.jar:/Users/megatron/.m2/repository/software/amazon/awssdk/datasync/2.21.12/datasync-2.21.12.jar:/Users/megatron/.m2/repository/software/amazon/awssdk/dax/2.21.12/dax-2.21.12.jar:/Users/megatron/.m2/repository/software/amazon/awssdk/devicefarm/2.21.12/devicefarm-2.21.12.jar:/Users/megatron/.m2/repository/software/amazon/awssdk/directconnect/2.21.12/directconnect-2.21.12.jar:/Users/megatron/.m2/repository/software/amazon/awssdk/directory/2.21.12/directory-2.21.12.jar:/Users/megatron/.m2/repository/software/amazon/awssdk/dlm/2.21.12/dlm-2.21.12.jar:/Users/megatron/.m2/repository/software/amazon/awssdk/docdb/2.21.12/docdb-2.21.12.jar:/Users/megatron/.m2/repository/software/amazon/awssdk/dynamodb/2.21.12/dynamodb-2.21.12.jar:/Users/megatron/.m2/repository/software/amazon/awssdk/ec2/2.21.12/ec2-2.21.12.jar:/Users/megatron/.m2/repository/software/amazon/awssdk/ecr/2.21.12/ecr-2.21.12.jar:/Users/megatron/.m2/repository/software/amazon/awssdk/ecs/2.21.12/ecs-2.21.12.jar:/Users/megatron/.m2/repository/software/amazon/awssdk/efs/2.21.12/efs-2.21.12.jar:/Users/megatron/.m2/repository/software/amazon/awssdk/eks/2.21.12/eks-2.21.12.jar:/Users/megatron/.m2/repository/software/amazon/awssdk/elasticache/2.21.12/elasticache-2.21.12.jar:/Users/megatron/.m2/repository/software/amazon/awssdk/elasticbeanstalk/2.21.12/elasticbeanstalk-2.21.12.jar:/Users/megatron/.m2/repository/software/amazon/awssdk/elasticloadbalancing/2.21.12/elasticloadbalancing-2.21.12.jar:/Users/megatron/.m2/repository/software/amazon/awssdk/elasticloadbalancingv2/2.21.12/elasticloadbalancingv2-2.21.12.jar:/Users/megatron/.m2/repository/software/amazon/awssdk/elasticsearch/2.21.12/elasticsearch-2.21.12.jar:/Users/megatron/.m2/repository/software/amazon/awssdk/elastictranscoder/2.21.12/elastictranscoder-2.21.12.jar:/Users/megatron/.m2/repository/software/amazon/awssdk/emr/2.21.12/emr-2.21.12.jar:/Users/megatron/.m2/repository/software/amazon/awssdk/firehose/2.21.12/firehose-2.21.12.jar:/Users/megatron/.m2/repository/software/amazon/awssdk/fms/2.21.12/fms-2.21.12.jar:/Users/megatron/.m2/repository/software/amazon/awssdk/fsx/2.21.12/fsx-2.21.12.jar:/Users/megatron/.m2/repository/software/amazon/awssdk/gamelift/2.21.12/gamelift-2.21.12.jar:/Users/megatron/.m2/repository/software/amazon/awssdk/glacier/2.21.12/glacier-2.21.12.jar:/Users/megatron/.m2/repository/software/amazon/awssdk/globalaccelerator/2.21.12/globalaccelerator-2.21.12.jar:/Users/megatron/.m2/repository/software/amazon/awssdk/glue/2.21.12/glue-2.21.12.jar:/Users/megatron/.m2/repository/software/amazon/awssdk/greengrass/2.21.12/greengrass-2.21.12.jar:/Users/megatron/.m2/repository/software/amazon/awssdk/guardduty/2.21.12/guardduty-2.21.12.jar:/Users/megatron/.m2/repository/software/amazon/awssdk/health/2.21.12/health-2.21.12.jar:/Users/megatron/.m2/repository/software/amazon/awssdk/iam/2.21.12/iam-2.21.12.jar:/Users/megatron/.m2/repository/software/amazon/awssdk/iam-policy-builder/2.21.12/iam-policy-builder-2.21.12.jar:/Users/megatron/.m2/repository/software/amazon/awssdk/third-party-jackson-core/2.21.12/third-party-jackson-core-2.21.12.jar:/Users/megatron/.m2/repository/software/amazon/awssdk/inspector/2.21.12/inspector-2.21.12.jar:/Users/megatron/.m2/repository/software/amazon/awssdk/iot/2.21.12/iot-2.21.12.jar:/Users/megatron/.m2/repository/software/amazon/awssdk/iot1clickdevices/2.21.12/iot1clickdevices-2.21.12.jar:/Users/megatron/.m2/repository/software/amazon/awssdk/iot1clickprojects/2.21.12/iot1clickprojects-2.21.12.jar:/Users/megatron/.m2/repository/software/amazon/awssdk/iotanalytics/2.21.12/iotanalytics-2.21.12.jar:/Users/megatron/.m2/repository/software/amazon/awssdk/iotdataplane/2.21.12/iotdataplane-2.21.12.jar:/Users/megatron/.m2/repository/software/amazon/awssdk/iotjobsdataplane/2.21.12/iotjobsdataplane-2.21.12.jar:/Users/megatron/.m2/repository/software/amazon/awssdk/kafka/2.21.12/kafka-2.21.12.jar:/Users/megatron/.m2/repository/software/amazon/awssdk/kinesis/2.21.12/kinesis-2.21.12.jar:/Users/megatron/.m2/repository/software/amazon/awssdk/aws-cbor-protocol/2.21.12/aws-cbor-protocol-2.21.12.jar:/Users/megatron/.m2/repository/software/amazon/awssdk/third-party-jackson-dataformat-cbor/2.21.12/third-party-jackson-dataformat-cbor-2.21.12.jar:/Users/megatron/.m2/repository/software/amazon/awssdk/kinesisanalytics/2.21.12/kinesisanalytics-2.21.12.jar:/Users/megatron/.m2/repository/software/amazon/awssdk/kinesisanalyticsv2/2.21.12/kinesisanalyticsv2-2.21.12.jar:/Users/megatron/.m2/repository/software/amazon/awssdk/kinesisvideo/2.21.12/kinesisvideo-2.21.12.jar:/Users/megatron/.m2/repository/software/amazon/awssdk/kinesisvideoarchivedmedia/2.21.12/kinesisvideoarchivedmedia-2.21.12.jar:/Users/megatron/.m2/repository/software/amazon/awssdk/kinesisvideomedia/2.21.12/kinesisvideomedia-2.21.12.jar:/Users/megatron/.m2/repository/software/amazon/awssdk/kms/2.21.12/kms-2.21.12.jar:/Users/megatron/.m2/repository/software/amazon/awssdk/lambda/2.21.12/lambda-2.21.12.jar:/Users/megatron/.m2/repository/software/amazon/awssdk/lexmodelbuilding/2.21.12/lexmodelbuilding-2.21.12.jar:/Users/megatron/.m2/repository/software/amazon/awssdk/lexruntime/2.21.12/lexruntime-2.21.12.jar:/Users/megatron/.m2/repository/software/amazon/awssdk/licensemanager/2.21.12/licensemanager-2.21.12.jar:/Users/megatron/.m2/repository/software/amazon/awssdk/lightsail/2.21.12/lightsail-2.21.12.jar:/Users/megatron/.m2/repository/software/amazon/awssdk/machinelearning/2.21.12/machinelearning-2.21.12.jar:/Users/megatron/.m2/repository/software/amazon/awssdk/macie/2.21.12/macie-2.21.12.jar:/Users/megatron/.m2/repository/software/amazon/awssdk/managedblockchain/2.21.12/managedblockchain-2.21.12.jar:/Users/megatron/.m2/repository/software/amazon/awssdk/marketplacecommerceanalytics/2.21.12/marketplacecommerceanalytics-2.21.12.jar:/Users/megatron/.m2/repository/software/amazon/awssdk/marketplaceentitlement/2.21.12/marketplaceentitlement-2.21.12.jar:/Users/megatron/.m2/repository/software/amazon/awssdk/marketplacemetering/2.21.12/marketplacemetering-2.21.12.jar:/Users/megatron/.m2/repository/software/amazon/awssdk/mediaconnect/2.21.12/mediaconnect-2.21.12.jar:/Users/megatron/.m2/repository/software/amazon/awssdk/mediaconvert/2.21.12/mediaconvert-2.21.12.jar:/Users/megatron/.m2/repository/software/amazon/awssdk/medialive/2.21.12/medialive-2.21.12.jar:/Users/megatron/.m2/repository/software/amazon/awssdk/mediapackage/2.21.12/mediapackage-2.21.12.jar:/Users/megatron/.m2/repository/software/amazon/awssdk/mediapackagevod/2.21.12/mediapackagevod-2.21.12.jar:/Users/megatron/.m2/repository/software/amazon/awssdk/mediastore/2.21.12/mediastore-2.21.12.jar:/Users/megatron/.m2/repository/software/amazon/awssdk/mediastoredata/2.21.12/mediastoredata-2.21.12.jar:/Users/megatron/.m2/repository/software/amazon/awssdk/mediatailor/2.21.12/mediatailor-2.21.12.jar:/Users/megatron/.m2/repository/software/amazon/awssdk/migrationhub/2.21.12/migrationhub-2.21.12.jar:/Users/megatron/.m2/repository/software/amazon/awssdk/mobile/2.21.12/mobile-2.21.12.jar:/Users/megatron/.m2/repository/software/amazon/awssdk/mq/2.21.12/mq-2.21.12.jar:/Users/megatron/.m2/repository/software/amazon/awssdk/mturk/2.21.12/mturk-2.21.12.jar:/Users/megatron/.m2/repository/software/amazon/awssdk/neptune/2.21.12/neptune-2.21.12.jar:/Users/megatron/.m2/repository/software/amazon/awssdk/opsworks/2.21.12/opsworks-2.21.12.jar:/Users/megatron/.m2/repository/software/amazon/awssdk/opsworkscm/2.21.12/opsworkscm-2.21.12.jar:/Users/megatron/.m2/repository/software/amazon/awssdk/organizations/2.21.12/organizations-2.21.12.jar:/Users/megatron/.m2/repository/software/amazon/awssdk/pi/2.21.12/pi-2.21.12.jar:/Users/megatron/.m2/repository/software/amazon/awssdk/pinpoint/2.21.12/pinpoint-2.21.12.jar:/Users/megatron/.m2/repository/software/amazon/awssdk/pinpointemail/2.21.12/pinpointemail-2.21.12.jar:/Users/megatron/.m2/repository/software/amazon/awssdk/pinpointsmsvoice/2.21.12/pinpointsmsvoice-2.21.12.jar:/Users/megatron/.m2/repository/software/amazon/awssdk/polly/2.21.12/polly-2.21.12.jar:/Users/megatron/.m2/repository/software/amazon/awssdk/pricing/2.21.12/pricing-2.21.12.jar:/Users/megatron/.m2/repository/software/amazon/awssdk/quicksight/2.21.12/quicksight-2.21.12.jar:/Users/megatron/.m2/repository/software/amazon/awssdk/ram/2.21.12/ram-2.21.12.jar:/Users/megatron/.m2/repository/software/amazon/awssdk/rds/2.21.12/rds-2.21.12.jar:/Users/megatron/.m2/repository/software/amazon/awssdk/rdsdata/2.21.12/rdsdata-2.21.12.jar:/Users/megatron/.m2/repository/software/amazon/awssdk/redshift/2.21.12/redshift-2.21.12.jar:/Users/megatron/.m2/repository/software/amazon/awssdk/rekognition/2.21.12/rekognition-2.21.12.jar:/Users/megatron/.m2/repository/software/amazon/awssdk/resourcegroups/2.21.12/resourcegroups-2.21.12.jar:/Users/megatron/.m2/repository/software/amazon/awssdk/resourcegroupstaggingapi/2.21.12/resourcegroupstaggingapi-2.21.12.jar:/Users/megatron/.m2/repository/software/amazon/awssdk/robomaker/2.21.12/robomaker-2.21.12.jar:/Users/megatron/.m2/repository/software/amazon/awssdk/route53/2.21.12/route53-2.21.12.jar:/Users/megatron/.m2/repository/software/amazon/awssdk/route53domains/2.21.12/route53domains-2.21.12.jar:/Users/megatron/.m2/repository/software/amazon/awssdk/route53resolver/2.21.12/route53resolver-2.21.12.jar:/Users/megatron/.m2/repository/software/amazon/awssdk/s3/2.21.12/s3-2.21.12.jar:/Users/megatron/.m2/repository/software/amazon/awssdk/arns/2.21.12/arns-2.21.12.jar:/Users/megatron/.m2/repository/software/amazon/awssdk/crt-core/2.21.12/crt-core-2.21.12.jar:/Users/megatron/.m2/repository/software/amazon/awssdk/s3control/2.21.12/s3control-2.21.12.jar:/Users/megatron/.m2/repository/software/amazon/awssdk/s3-transfer-manager/2.21.12/s3-transfer-manager-2.21.12.jar:/Users/megatron/.m2/repository/software/amazon/awssdk/sagemaker/2.21.12/sagemaker-2.21.12.jar:/Users/megatron/.m2/repository/software/amazon/awssdk/sagemakerruntime/2.21.12/sagemakerruntime-2.21.12.jar:/Users/megatron/.m2/repository/software/amazon/awssdk/secretsmanager/2.21.12/secretsmanager-2.21.12.jar:/Users/megatron/.m2/repository/software/amazon/awssdk/securityhub/2.21.12/securityhub-2.21.12.jar:/Users/megatron/.m2/repository/software/amazon/awssdk/serverlessapplicationrepository/2.21.12/serverlessapplicationrepository-2.21.12.jar:/Users/megatron/.m2/repository/software/amazon/awssdk/servicecatalog/2.21.12/servicecatalog-2.21.12.jar:/Users/megatron/.m2/repository/software/amazon/awssdk/servicediscovery/2.21.12/servicediscovery-2.21.12.jar:/Users/megatron/.m2/repository/software/amazon/awssdk/ses/2.21.12/ses-2.21.12.jar:/Users/megatron/.m2/repository/software/amazon/awssdk/sfn/2.21.12/sfn-2.21.12.jar:/Users/megatron/.m2/repository/software/amazon/awssdk/shield/2.21.12/shield-2.21.12.jar:/Users/megatron/.m2/repository/software/amazon/awssdk/signer/2.21.12/signer-2.21.12.jar:/Users/megatron/.m2/repository/software/amazon/awssdk/sms/2.21.12/sms-2.21.12.jar:/Users/megatron/.m2/repository/software/amazon/awssdk/snowball/2.21.12/snowball-2.21.12.jar:/Users/megatron/.m2/repository/software/amazon/awssdk/sns/2.21.12/sns-2.21.12.jar:/Users/megatron/.m2/repository/software/amazon/awssdk/sqs/2.21.12/sqs-2.21.12.jar:/Users/megatron/.m2/repository/software/amazon/awssdk/ssm/2.21.12/ssm-2.21.12.jar:/Users/megatron/.m2/repository/software/amazon/awssdk/storagegateway/2.21.12/storagegateway-2.21.12.jar:/Users/megatron/.m2/repository/software/amazon/awssdk/sts/2.21.12/sts-2.21.12.jar:/Users/megatron/.m2/repository/software/amazon/awssdk/support/2.21.12/support-2.21.12.jar:/Users/megatron/.m2/repository/software/amazon/awssdk/swf/2.21.12/swf-2.21.12.jar:/Users/megatron/.m2/repository/software/amazon/awssdk/textract/2.21.12/textract-2.21.12.jar:/Users/megatron/.m2/repository/software/amazon/awssdk/transcribe/2.21.12/transcribe-2.21.12.jar:/Users/megatron/.m2/repository/software/amazon/awssdk/transcribestreaming/2.21.12/transcribestreaming-2.21.12.jar:/Users/megatron/.m2/repository/software/amazon/awssdk/http-auth-aws-eventstream/2.21.12/http-auth-aws-eventstream-2.21.12.jar:/Users/megatron/.m2/repository/software/amazon/awssdk/transfer/2.21.12/transfer-2.21.12.jar:/Users/megatron/.m2/repository/software/amazon/awssdk/translate/2.21.12/translate-2.21.12.jar:/Users/megatron/.m2/repository/software/amazon/awssdk/waf/2.21.12/waf-2.21.12.jar:/Users/megatron/.m2/repository/software/amazon/awssdk/workdocs/2.21.12/workdocs-2.21.12.jar:/Users/megatron/.m2/repository/software/amazon/awssdk/worklink/2.21.12/worklink-2.21.12.jar:/Users/megatron/.m2/repository/software/amazon/awssdk/workmail/2.21.12/workmail-2.21.12.jar:/Users/megatron/.m2/repository/software/amazon/awssdk/workspaces/2.21.12/workspaces-2.21.12.jar:/Users/megatron/.m2/repository/software/amazon/awssdk/xray/2.21.12/xray-2.21.12.jar:/Users/megatron/.m2/repository/software/amazon/awssdk/groundstation/2.21.12/groundstation-2.21.12.jar:/Users/megatron/.m2/repository/software/amazon/awssdk/iotthingsgraph/2.21.12/iotthingsgraph-2.21.12.jar:/Users/megatron/.m2/repository/software/amazon/awssdk/iotevents/2.21.12/iotevents-2.21.12.jar:/Users/megatron/.m2/repository/software/amazon/awssdk/ioteventsdata/2.21.12/ioteventsdata-2.21.12.jar:/Users/megatron/.m2/repository/software/amazon/awssdk/personalizeruntime/2.21.12/personalizeruntime-2.21.12.jar:/Users/megatron/.m2/repository/software/amazon/awssdk/personalize/2.21.12/personalize-2.21.12.jar:/Users/megatron/.m2/repository/software/amazon/awssdk/personalizeevents/2.21.12/personalizeevents-2.21.12.jar:/Users/megatron/.m2/repository/software/amazon/awssdk/servicequotas/2.21.12/servicequotas-2.21.12.jar:/Users/megatron/.m2/repository/software/amazon/awssdk/applicationinsights/2.21.12/applicationinsights-2.21.12.jar:/Users/megatron/.m2/repository/software/amazon/awssdk/ec2instanceconnect/2.21.12/ec2instanceconnect-2.21.12.jar:/Users/megatron/.m2/repository/software/amazon/awssdk/eventbridge/2.21.12/eventbridge-2.21.12.jar:/Users/megatron/.m2/repository/software/amazon/awssdk/lakeformation/2.21.12/lakeformation-2.21.12.jar:/Users/megatron/.m2/repository/software/amazon/awssdk/forecast/2.21.12/forecast-2.21.12.jar:/Users/megatron/.m2/repository/software/amazon/awssdk/forecastquery/2.21.12/forecastquery-2.21.12.jar:/Users/megatron/.m2/repository/software/amazon/awssdk/qldb/2.21.12/qldb-2.21.12.jar:/Users/megatron/.m2/repository/software/amazon/awssdk/qldbsession/2.21.12/qldbsession-2.21.12.jar:/Users/megatron/.m2/repository/software/amazon/awssdk/workmailmessageflow/2.21.12/workmailmessageflow-2.21.12.jar:/Users/megatron/.m2/repository/software/amazon/awssdk/codestarnotifications/2.21.12/codestarnotifications-2.21.12.jar:/Users/megatron/.m2/repository/software/amazon/awssdk/savingsplans/2.21.12/savingsplans-2.21.12.jar:/Users/megatron/.m2/repository/software/amazon/awssdk/sso/2.21.12/sso-2.21.12.jar:/Users/megatron/.m2/repository/software/amazon/awssdk/ssooidc/2.21.12/ssooidc-2.21.12.jar:/Users/megatron/.m2/repository/software/amazon/awssdk/marketplacecatalog/2.21.12/marketplacecatalog-2.21.12.jar:/Users/megatron/.m2/repository/software/amazon/awssdk/sesv2/2.21.12/sesv2-2.21.12.jar:/Users/megatron/.m2/repository/software/amazon/awssdk/dataexchange/2.21.12/dataexchange-2.21.12.jar:/Users/megatron/.m2/repository/software/amazon/awssdk/migrationhubconfig/2.21.12/migrationhubconfig-2.21.12.jar:/Users/megatron/.m2/repository/software/amazon/awssdk/connectparticipant/2.21.12/connectparticipant-2.21.12.jar:/Users/megatron/.m2/repository/software/amazon/awssdk/wafv2/2.21.12/wafv2-2.21.12.jar:/Users/megatron/.m2/repository/software/amazon/awssdk/appconfig/2.21.12/appconfig-2.21.12.jar:/Users/megatron/.m2/repository/software/amazon/awssdk/iotsecuretunneling/2.21.12/iotsecuretunneling-2.21.12.jar:/Users/megatron/.m2/repository/software/amazon/awssdk/elasticinference/2.21.12/elasticinference-2.21.12.jar:/Users/megatron/.m2/repository/software/amazon/awssdk/imagebuilder/2.21.12/imagebuilder-2.21.12.jar:/Users/megatron/.m2/repository/software/amazon/awssdk/schemas/2.21.12/schemas-2.21.12.jar:/Users/megatron/.m2/repository/software/amazon/awssdk/accessanalyzer/2.21.12/accessanalyzer-2.21.12.jar:/Users/megatron/.m2/repository/software/amazon/awssdk/computeoptimizer/2.21.12/computeoptimizer-2.21.12.jar:/Users/megatron/.m2/repository/software/amazon/awssdk/networkmanager/2.21.12/networkmanager-2.21.12.jar:/Users/megatron/.m2/repository/software/amazon/awssdk/kendra/2.21.12/kendra-2.21.12.jar:/Users/megatron/.m2/repository/software/amazon/awssdk/frauddetector/2.21.12/frauddetector-2.21.12.jar:/Users/megatron/.m2/repository/software/amazon/awssdk/codegurureviewer/2.21.12/codegurureviewer-2.21.12.jar:/Users/megatron/.m2/repository/software/amazon/awssdk/codeguruprofiler/2.21.12/codeguruprofiler-2.21.12.jar:/Users/megatron/.m2/repository/software/amazon/awssdk/outposts/2.21.12/outposts-2.21.12.jar:/Users/megatron/.m2/repository/software/amazon/awssdk/sagemakera2iruntime/2.21.12/sagemakera2iruntime-2.21.12.jar:/Users/megatron/.m2/repository/software/amazon/awssdk/ebs/2.21.12/ebs-2.21.12.jar:/Users/megatron/.m2/repository/software/amazon/awssdk/kinesisvideosignaling/2.21.12/kinesisvideosignaling-2.21.12.jar:/Users/megatron/.m2/repository/software/amazon/awssdk/detective/2.21.12/detective-2.21.12.jar:/Users/megatron/.m2/repository/software/amazon/awssdk/codestarconnections/2.21.12/codestarconnections-2.21.12.jar:/Users/megatron/.m2/repository/software/amazon/awssdk/synthetics/2.21.12/synthetics-2.21.12.jar:/Users/megatron/.m2/repository/software/amazon/awssdk/iotsitewise/2.21.12/iotsitewise-2.21.12.jar:/Users/megatron/.m2/repository/software/amazon/awssdk/macie2/2.21.12/macie2-2.21.12.jar:/Users/megatron/.m2/repository/software/amazon/awssdk/codeartifact/2.21.12/codeartifact-2.21.12.jar:/Users/megatron/.m2/repository/software/amazon/awssdk/honeycode/2.21.12/honeycode-2.21.12.jar:/Users/megatron/.m2/repository/software/amazon/awssdk/ivs/2.21.12/ivs-2.21.12.jar:/Users/megatron/.m2/repository/software/amazon/awssdk/braket/2.21.12/braket-2.21.12.jar:/Users/megatron/.m2/repository/software/amazon/awssdk/identitystore/2.21.12/identitystore-2.21.12.jar:/Users/megatron/.m2/repository/software/amazon/awssdk/appflow/2.21.12/appflow-2.21.12.jar:/Users/megatron/.m2/repository/software/amazon/awssdk/redshiftdata/2.21.12/redshiftdata-2.21.12.jar:/Users/megatron/.m2/repository/software/amazon/awssdk/ssoadmin/2.21.12/ssoadmin-2.21.12.jar:/Users/megatron/.m2/repository/software/amazon/awssdk/timestreamwrite/2.21.12/timestreamwrite-2.21.12.jar:/Users/megatron/.m2/repository/software/amazon/awssdk/timestreamquery/2.21.12/timestreamquery-2.21.12.jar:/Users/megatron/.m2/repository/software/amazon/awssdk/s3outposts/2.21.12/s3outposts-2.21.12.jar:/Users/megatron/.m2/repository/software/amazon/awssdk/databrew/2.21.12/databrew-2.21.12.jar:/Users/megatron/.m2/repository/software/amazon/awssdk/servicecatalogappregistry/2.21.12/servicecatalogappregistry-2.21.12.jar:/Users/megatron/.m2/repository/software/amazon/awssdk/networkfirewall/2.21.12/networkfirewall-2.21.12.jar:/Users/megatron/.m2/repository/software/amazon/awssdk/mwaa/2.21.12/mwaa-2.21.12.jar:/Users/megatron/.m2/repository/software/amazon/awssdk/devopsguru/2.21.12/devopsguru-2.21.12.jar:/Users/megatron/.m2/repository/software/amazon/awssdk/sagemakerfeaturestoreruntime/2.21.12/sagemakerfeaturestoreruntime-2.21.12.jar:/Users/megatron/.m2/repository/software/amazon/awssdk/appintegrations/2.21.12/appintegrations-2.21.12.jar:/Users/megatron/.m2/repository/software/amazon/awssdk/ecrpublic/2.21.12/ecrpublic-2.21.12.jar:/Users/megatron/.m2/repository/software/amazon/awssdk/amplifybackend/2.21.12/amplifybackend-2.21.12.jar:/Users/megatron/.m2/repository/software/amazon/awssdk/connectcontactlens/2.21.12/connectcontactlens-2.21.12.jar:/Users/megatron/.m2/repository/software/amazon/awssdk/lookoutvision/2.21.12/lookoutvision-2.21.12.jar:/Users/megatron/.m2/repository/software/amazon/awssdk/customerprofiles/2.21.12/customerprofiles-2.21.12.jar:/Users/megatron/.m2/repository/software/amazon/awssdk/emrcontainers/2.21.12/emrcontainers-2.21.12.jar:/Users/megatron/.m2/repository/software/amazon/awssdk/sagemakeredge/2.21.12/sagemakeredge-2.21.12.jar:/Users/megatron/.m2/repository/software/amazon/awssdk/healthlake/2.21.12/healthlake-2.21.12.jar:/Users/megatron/.m2/repository/software/amazon/awssdk/auditmanager/2.21.12/auditmanager-2.21.12.jar:/Users/megatron/.m2/repository/software/amazon/awssdk/amp/2.21.12/amp-2.21.12.jar:/Users/megatron/.m2/repository/software/amazon/awssdk/greengrassv2/2.21.12/greengrassv2-2.21.12.jar:/Users/megatron/.m2/repository/software/amazon/awssdk/iotwireless/2.21.12/iotwireless-2.21.12.jar:/Users/megatron/.m2/repository/software/amazon/awssdk/iotfleethub/2.21.12/iotfleethub-2.21.12.jar:/Users/megatron/.m2/repository/software/amazon/awssdk/iotdeviceadvisor/2.21.12/iotdeviceadvisor-2.21.12.jar:/Users/megatron/.m2/repository/software/amazon/awssdk/location/2.21.12/location-2.21.12.jar:/Users/megatron/.m2/repository/software/amazon/awssdk/wellarchitected/2.21.12/wellarchitected-2.21.12.jar:/Users/megatron/.m2/repository/software/amazon/awssdk/lexruntimev2/2.21.12/lexruntimev2-2.21.12.jar:/Users/megatron/.m2/repository/software/amazon/awssdk/lexmodelsv2/2.21.12/lexmodelsv2-2.21.12.jar:/Users/megatron/.m2/repository/software/amazon/awssdk/fis/2.21.12/fis-2.21.12.jar:/Users/megatron/.m2/repository/software/amazon/awssdk/lookoutmetrics/2.21.12/lookoutmetrics-2.21.12.jar:/Users/megatron/.m2/repository/software/amazon/awssdk/mgn/2.21.12/mgn-2.21.12.jar:/Users/megatron/.m2/repository/software/amazon/awssdk/lookoutequipment/2.21.12/lookoutequipment-2.21.12.jar:/Users/megatron/.m2/repository/software/amazon/awssdk/nimble/2.21.12/nimble-2.21.12.jar:/Users/megatron/.m2/repository/software/amazon/awssdk/finspacedata/2.21.12/finspacedata-2.21.12.jar:/Users/megatron/.m2/repository/software/amazon/awssdk/finspace/2.21.12/finspace-2.21.12.jar:/Users/megatron/.m2/repository/software/amazon/awssdk/ssmincidents/2.21.12/ssmincidents-2.21.12.jar:/Users/megatron/.m2/repository/software/amazon/awssdk/ssmcontacts/2.21.12/ssmcontacts-2.21.12.jar:/Users/megatron/.m2/repository/software/amazon/awssdk/applicationcostprofiler/2.21.12/applicationcostprofiler-2.21.12.jar:/Users/megatron/.m2/repository/software/amazon/awssdk/apprunner/2.21.12/apprunner-2.21.12.jar:/Users/megatron/.m2/repository/software/amazon/awssdk/proton/2.21.12/proton-2.21.12.jar:/Users/megatron/.m2/repository/software/amazon/awssdk/route53recoveryreadiness/2.21.12/route53recoveryreadiness-2.21.12.jar:/Users/megatron/.m2/repository/software/amazon/awssdk/route53recoverycontrolconfig/2.21.12/route53recoverycontrolconfig-2.21.12.jar:/Users/megatron/.m2/repository/software/amazon/awssdk/route53recoverycluster/2.21.12/route53recoverycluster-2.21.12.jar:/Users/megatron/.m2/repository/software/amazon/awssdk/chimesdkmessaging/2.21.12/chimesdkmessaging-2.21.12.jar:/Users/megatron/.m2/repository/software/amazon/awssdk/chimesdkidentity/2.21.12/chimesdkidentity-2.21.12.jar:/Users/megatron/.m2/repository/software/amazon/awssdk/snowdevicemanagement/2.21.12/snowdevicemanagement-2.21.12.jar:/Users/megatron/.m2/repository/software/amazon/awssdk/memorydb/2.21.12/memorydb-2.21.12.jar:/Users/megatron/.m2/repository/software/amazon/awssdk/opensearch/2.21.12/opensearch-2.21.12.jar:/Users/megatron/.m2/repository/software/amazon/awssdk/kafkaconnect/2.21.12/kafkaconnect-2.21.12.jar:/Users/megatron/.m2/repository/software/amazon/awssdk/wisdom/2.21.12/wisdom-2.21.12.jar:/Users/megatron/.m2/repository/software/amazon/awssdk/voiceid/2.21.12/voiceid-2.21.12.jar:/Users/megatron/.m2/repository/software/amazon/awssdk/account/2.21.12/account-2.21.12.jar:/Users/megatron/.m2/repository/software/amazon/awssdk/cloudcontrol/2.21.12/cloudcontrol-2.21.12.jar:/Users/megatron/.m2/repository/software/amazon/awssdk/grafana/2.21.12/grafana-2.21.12.jar:/Users/megatron/.m2/repository/software/amazon/awssdk/panorama/2.21.12/panorama-2.21.12.jar:/Users/megatron/.m2/repository/software/amazon/awssdk/chimesdkmeetings/2.21.12/chimesdkmeetings-2.21.12.jar:/Users/megatron/.m2/repository/software/amazon/awssdk/resiliencehub/2.21.12/resiliencehub-2.21.12.jar:/Users/megatron/.m2/repository/software/amazon/awssdk/migrationhubstrategy/2.21.12/migrationhubstrategy-2.21.12.jar:/Users/megatron/.m2/repository/software/amazon/awssdk/drs/2.21.12/drs-2.21.12.jar:/Users/megatron/.m2/repository/software/amazon/awssdk/appconfigdata/2.21.12/appconfigdata-2.21.12.jar:/Users/megatron/.m2/repository/software/amazon/awssdk/migrationhubrefactorspaces/2.21.12/migrationhubrefactorspaces-2.21.12.jar:/Users/megatron/.m2/repository/software/amazon/awssdk/inspector2/2.21.12/inspector2-2.21.12.jar:/Users/megatron/.m2/repository/software/amazon/awssdk/evidently/2.21.12/evidently-2.21.12.jar:/Users/megatron/.m2/repository/software/amazon/awssdk/rum/2.21.12/rum-2.21.12.jar:/Users/megatron/.m2/repository/software/amazon/awssdk/rbin/2.21.12/rbin-2.21.12.jar:/Users/megatron/.m2/repository/software/amazon/awssdk/iottwinmaker/2.21.12/iottwinmaker-2.21.12.jar:/Users/megatron/.m2/repository/software/amazon/awssdk/workspacesweb/2.21.12/workspacesweb-2.21.12.jar:/Users/megatron/.m2/repository/software/amazon/awssdk/backupgateway/2.21.12/backupgateway-2.21.12.jar:/Users/megatron/.m2/repository/software/amazon/awssdk/amplifyuibuilder/2.21.12/amplifyuibuilder-2.21.12.jar:/Users/megatron/.m2/repository/software/amazon/awssdk/keyspaces/2.21.12/keyspaces-2.21.12.jar:/Users/megatron/.m2/repository/software/amazon/awssdk/billingconductor/2.21.12/billingconductor-2.21.12.jar:/Users/megatron/.m2/repository/software/amazon/awssdk/pinpointsmsvoicev2/2.21.12/pinpointsmsvoicev2-2.21.12.jar:/Users/megatron/.m2/repository/software/amazon/awssdk/ivschat/2.21.12/ivschat-2.21.12.jar:/Users/megatron/.m2/repository/software/amazon/awssdk/chimesdkmediapipelines/2.21.12/chimesdkmediapipelines-2.21.12.jar:/Users/megatron/.m2/repository/software/amazon/awssdk/emrserverless/2.21.12/emrserverless-2.21.12.jar:/Users/megatron/.m2/repository/software/amazon/awssdk/m2/2.21.12/m2-2.21.12.jar:/Users/megatron/.m2/repository/software/amazon/awssdk/connectcampaigns/2.21.12/connectcampaigns-2.21.12.jar:/Users/megatron/.m2/repository/software/amazon/awssdk/redshiftserverless/2.21.12/redshiftserverless-2.21.12.jar:/Users/megatron/.m2/repository/software/amazon/awssdk/rolesanywhere/2.21.12/rolesanywhere-2.21.12.jar:/Users/megatron/.m2/repository/software/amazon/awssdk/licensemanagerusersubscriptions/2.21.12/licensemanagerusersubscriptions-2.21.12.jar:/Users/megatron/.m2/repository/software/amazon/awssdk/backupstorage/2.21.12/backupstorage-2.21.12.jar:/Users/megatron/.m2/repository/software/amazon/awssdk/privatenetworks/2.21.12/privatenetworks-2.21.12.jar:/Users/megatron/.m2/repository/software/amazon/awssdk/supportapp/2.21.12/supportapp-2.21.12.jar:/Users/megatron/.m2/repository/software/amazon/awssdk/controltower/2.21.12/controltower-2.21.12.jar:/Users/megatron/.m2/repository/software/amazon/awssdk/iotfleetwise/2.21.12/iotfleetwise-2.21.12.jar:/Users/megatron/.m2/repository/software/amazon/awssdk/migrationhuborchestrator/2.21.12/migrationhuborchestrator-2.21.12.jar:/Users/megatron/.m2/repository/software/amazon/awssdk/connectcases/2.21.12/connectcases-2.21.12.jar:/Users/megatron/.m2/repository/software/amazon/awssdk/resourceexplorer2/2.21.12/resourceexplorer2-2.21.12.jar:/Users/megatron/.m2/repository/software/amazon/awssdk/scheduler/2.21.12/scheduler-2.21.12.jar:/Users/megatron/.m2/repository/software/amazon/awssdk/ssmsap/2.21.12/ssmsap-2.21.12.jar:/Users/megatron/.m2/repository/software/amazon/awssdk/chimesdkvoice/2.21.12/chimesdkvoice-2.21.12.jar:/Users/megatron/.m2/repository/software/amazon/awssdk/iotroborunner/2.21.12/iotroborunner-2.21.12.jar:/Users/megatron/.m2/repository/software/amazon/awssdk/oam/2.21.12/oam-2.21.12.jar:/Users/megatron/.m2/repository/software/amazon/awssdk/arczonalshift/2.21.12/arczonalshift-2.21.12.jar:/Users/megatron/.m2/repository/software/amazon/awssdk/simspaceweaver/2.21.12/simspaceweaver-2.21.12.jar:/Users/megatron/.m2/repository/software/amazon/awssdk/securitylake/2.21.12/securitylake-2.21.12.jar:/Users/megatron/.m2/repository/software/amazon/awssdk/opensearchserverless/2.21.12/opensearchserverless-2.21.12.jar:/Users/megatron/.m2/repository/software/amazon/awssdk/omics/2.21.12/omics-2.21.12.jar:/Users/megatron/.m2/repository/software/amazon/awssdk/docdbelastic/2.21.12/docdbelastic-2.21.12.jar:/Users/megatron/.m2/repository/software/amazon/awssdk/sagemakergeospatial/2.21.12/sagemakergeospatial-2.21.12.jar:/Users/megatron/.m2/repository/software/amazon/awssdk/pipes/2.21.12/pipes-2.21.12.jar:/Users/megatron/.m2/repository/software/amazon/awssdk/codecatalyst/2.21.12/codecatalyst-2.21.12.jar:/Users/megatron/.m2/repository/software/amazon/awssdk/sagemakermetrics/2.21.12/sagemakermetrics-2.21.12.jar:/Users/megatron/.m2/repository/software/amazon/awssdk/kinesisvideowebrtcstorage/2.21.12/kinesisvideowebrtcstorage-2.21.12.jar:/Users/megatron/.m2/repository/software/amazon/awssdk/licensemanagerlinuxsubscriptions/2.21.12/licensemanagerlinuxsubscriptions-2.21.12.jar:/Users/megatron/.m2/repository/software/amazon/awssdk/kendraranking/2.21.12/kendraranking-2.21.12.jar:/Users/megatron/.m2/repository/software/amazon/awssdk/cleanrooms/2.21.12/cleanrooms-2.21.12.jar:/Users/megatron/.m2/repository/software/amazon/awssdk/cloudtraildata/2.21.12/cloudtraildata-2.21.12.jar:/Users/megatron/.m2/repository/software/amazon/awssdk/tnb/2.21.12/tnb-2.21.12.jar:/Users/megatron/.m2/repository/software/amazon/awssdk/internetmonitor/2.21.12/internetmonitor-2.21.12.jar:/Users/megatron/.m2/repository/software/amazon/awssdk/ivsrealtime/2.21.12/ivsrealtime-2.21.12.jar:/Users/megatron/.m2/repository/software/amazon/awssdk/vpclattice/2.21.12/vpclattice-2.21.12.jar:/Users/megatron/.m2/repository/software/amazon/awssdk/osis/2.21.12/osis-2.21.12.jar:/Users/megatron/.m2/repository/software/amazon/awssdk/mediapackagev2/2.21.12/mediapackagev2-2.21.12.jar:/Users/megatron/.m2/repository/software/amazon/awssdk/paymentcryptographydata/2.21.12/paymentcryptographydata-2.21.12.jar:/Users/megatron/.m2/repository/software/amazon/awssdk/paymentcryptography/2.21.12/paymentcryptography-2.21.12.jar:/Users/megatron/.m2/repository/software/amazon/awssdk/codegurusecurity/2.21.12/codegurusecurity-2.21.12.jar:/Users/megatron/.m2/repository/software/amazon/awssdk/verifiedpermissions/2.21.12/verifiedpermissions-2.21.12.jar:/Users/megatron/.m2/repository/software/amazon/awssdk/appfabric/2.21.12/appfabric-2.21.12.jar:/Users/megatron/.m2/repository/software/amazon/awssdk/medicalimaging/2.21.12/medicalimaging-2.21.12.jar:/Users/megatron/.m2/repository/software/amazon/awssdk/entityresolution/2.21.12/entityresolution-2.21.12.jar:/Users/megatron/.m2/repository/software/amazon/awssdk/managedblockchainquery/2.21.12/managedblockchainquery-2.21.12.jar:/Users/megatron/.m2/repository/software/amazon/awssdk/pcaconnectorad/2.21.12/pcaconnectorad-2.21.12.jar:/Users/megatron/.m2/repository/software/amazon/awssdk/neptunedata/2.21.12/neptunedata-2.21.12.jar:/Users/megatron/.m2/repository/software/amazon/awssdk/bedrockruntime/2.21.12/bedrockruntime-2.21.12.jar:/Users/megatron/.m2/repository/software/amazon/awssdk/bedrock/2.21.12/bedrock-2.21.12.jar:/Users/megatron/.m2/repository/software/amazon/awssdk/datazone/2.21.12/datazone-2.21.12.jar:"/>
    <property name="sun.cpu.endian" value="little"/>
    <property name="user.home" value="/Users/megatron"/>
    <property name="user.language" value="en"/>
    <property name="java.specification.vendor" value="Oracle Corporation"/>
    <property name="java.version.date" value="2021-04-20"/>
    <property name="java.home" value="/Users/megatron/.sdkman/candidates/java/11.0.11.hs-adpt"/>
    <property name="file.separator" value="/"/>
    <property name="basedir" value="/Users/megatron/repos/CSC207REAL/Swiftify"/>
    <property name="java.vm.compressedOopsMode" value="Zero based"/>
    <property name="line.separator" value="&#10;"/>
    <property name="java.specification.name" value="Java Platform API Specification"/>
    <property name="java.vm.specification.vendor" value="Oracle Corporation"/>
    <property name="java.awt.graphicsenv" value="sun.awt.CGraphicsEnvironment"/>
    <property name="surefire.real.class.path" value="/Users/megatron/repos/CSC207REAL/Swiftify/target/surefire/surefirebooter-20231031204236231_3.jar"/>
    <property name="sun.management.compiler" value="HotSpot 64-Bit Tiered Compilers"/>
    <property name="ftp.nonProxyHosts" value="local|*.local|169.254/16|*.169.254/16"/>
    <property name="java.runtime.version" value="11.0.11+9"/>
    <property name="user.name" value="megatron"/>
    <property name="path.separator" value=":"/>
    <property name="os.version" value="11.1"/>
    <property name="java.runtime.name" value="OpenJDK Runtime Environment"/>
    <property name="file.encoding" value="UTF-8"/>
    <property name="java.vm.name" value="OpenJDK 64-Bit Server VM"/>
    <property name="java.vendor.version" value="AdoptOpenJDK-11.0.11+9"/>
    <property name="localRepository" value="/Users/megatron/.m2/repository"/>
    <property name="java.vendor.url.bug" value="https://github.com/AdoptOpenJDK/openjdk-support/issues"/>
    <property name="java.io.tmpdir" value="/var/folders/_8/w6cd2x7s1j1787cgk69v2jc00000gn/T/"/>
    <property name="java.version" value="11.0.11"/>
    <property name="user.dir" value="/Users/megatron/repos/CSC207REAL/Swiftify"/>
    <property name="os.arch" value="x86_64"/>
    <property name="java.vm.specification.name" value="Java Virtual Machine Specification"/>
    <property name="java.awt.printerjob" value="sun.lwawt.macosx.CPrinterJob"/>
    <property name="sun.os.patch.level" value="unknown"/>
    <property name="java.library.path" value="/Users/megatron/Library/Java/Extensions:/Library/Java/Extensions:/Network/Library/Java/Extensions:/System/Library/Java/Extensions:/usr/lib/java:."/>
    <property name="java.vm.info" value="mixed mode"/>
    <property name="java.vendor" value="AdoptOpenJDK"/>
    <property name="java.vm.version" value="11.0.11+9"/>
    <property name="sun.io.unicode.encoding" value="UnicodeBig"/>
    <property name="java.class.version" value="55.0"/>
    <property name="socksNonProxyHosts" value="local|*.local|169.254/16|*.169.254/16"/>
  </properties>
  <testcase name="testApp" classname="org.switify.AppTest" time="0.027"/>
</testsuite>