<?xml version="1.0" encoding="UTF-8"?>
<testsuite xmlns:xsi="http://www.w3.org/2001/XMLSchema-instance" xsi:noNamespaceSchemaLocation="https://maven.apache.org/surefire/maven-surefire-plugin/xsd/surefire-test-report-3.0.xsd" version="3.0" name="com.group113.swiftify.AppTest" time="0.908" tests="1" errors="0" skipped="0" failures="0">
  <properties>
    <property name="gopherProxySet" value="false"/>
    <property name="awt.toolkit" value="sun.lwawt.macosx.LWCToolkit"/>
    <property name="java.specification.version" value="11"/>
    <property name="sun.cpu.isalist" value=""/>
    <property name="sun.jnu.encoding" value="UTF-8"/>
    <property name="java.class.path" value="/Users/megatron/repos/CSC207REAL/swiftify-backend/target/test-classes:/Users/megatron/repos/CSC207REAL/swiftify-backend/target/classes:/Users/megatron/.m2/repository/software/amazon/awssdk/s3/2.21.12/s3-2.21.12.jar:/Users/megatron/.m2/repository/software/amazon/awssdk/aws-xml-protocol/2.21.12/aws-xml-protocol-2.21.12.jar:/Users/megatron/.m2/repository/software/amazon/awssdk/aws-query-protocol/2.21.12/aws-query-protocol-2.21.12.jar:/Users/megatron/.m2/repository/software/amazon/awssdk/protocol-core/2.21.12/protocol-core-2.21.12.jar:/Users/megatron/.m2/repository/software/amazon/awssdk/arns/2.21.12/arns-2.21.12.jar:/Users/megatron/.m2/repository/software/amazon/awssdk/profiles/2.21.12/profiles-2.21.12.jar:/Users/megatron/.m2/repository/software/amazon/awssdk/crt-core/2.21.12/crt-core-2.21.12.jar:/Users/megatron/.m2/repository/software/amazon/awssdk/http-auth/2.21.12/http-auth-2.21.12.jar:/Users/megatron/.m2/repository/software/amazon/awssdk/http-auth-aws/2.21.12/http-auth-aws-2.21.12.jar:/Users/megatron/.m2/repository/software/amazon/awssdk/checksums-spi/2.21.12/checksums-spi-2.21.12.jar:/Users/megatron/.m2/repository/software/amazon/awssdk/checksums/2.21.12/checksums-2.21.12.jar:/Users/megatron/.m2/repository/software/amazon/awssdk/sdk-core/2.21.12/sdk-core-2.21.12.jar:/Users/megatron/.m2/repository/org/slf4j/slf4j-api/1.7.30/slf4j-api-1.7.30.jar:/Users/megatron/.m2/repository/org/reactivestreams/reactive-streams/1.0.4/reactive-streams-1.0.4.jar:/Users/megatron/.m2/repository/software/amazon/awssdk/auth/2.21.12/auth-2.21.12.jar:/Users/megatron/.m2/repository/software/amazon/eventstream/eventstream/1.0.1/eventstream-1.0.1.jar:/Users/megatron/.m2/repository/software/amazon/awssdk/http-auth-spi/2.21.12/http-auth-spi-2.21.12.jar:/Users/megatron/.m2/repository/software/amazon/awssdk/identity-spi/2.21.12/identity-spi-2.21.12.jar:/Users/megatron/.m2/repository/software/amazon/awssdk/http-client-spi/2.21.12/http-client-spi-2.21.12.jar:/Users/megatron/.m2/repository/software/amazon/awssdk/regions/2.21.12/regions-2.21.12.jar:/Users/megatron/.m2/repository/software/amazon/awssdk/annotations/2.21.12/annotations-2.21.12.jar:/Users/megatron/.m2/repository/software/amazon/awssdk/utils/2.21.12/utils-2.21.12.jar:/Users/megatron/.m2/repository/software/amazon/awssdk/aws-core/2.21.12/aws-core-2.21.12.jar:/Users/megatron/.m2/repository/software/amazon/awssdk/metrics-spi/2.21.12/metrics-spi-2.21.12.jar:/Users/megatron/.m2/repository/software/amazon/awssdk/json-utils/2.21.12/json-utils-2.21.12.jar:/Users/megatron/.m2/repository/software/amazon/awssdk/third-party-jackson-core/2.21.12/third-party-jackson-core-2.21.12.jar:/Users/megatron/.m2/repository/software/amazon/awssdk/endpoints-spi/2.21.12/endpoints-spi-2.21.12.jar:/Users/megatron/.m2/repository/software/amazon/awssdk/url-connection-client/2.21.12/url-connection-client-2.21.12.jar:/Users/megatron/.m2/repository/com/amazonaws/aws-lambda-java-core/1.2.3/aws-lambda-java-core-1.2.3.jar:/Users/megatron/.m2/repository/software/amazon/awssdk/dynamodb/2.21.12/dynamodb-2.21.12.jar:/Users/megatron/.m2/repository/software/amazon/awssdk/aws-json-protocol/2.21.12/aws-json-protocol-2.21.12.jar:/Users/megatron/.m2/repository/software/amazon/awssdk/apache-client/2.21.12/apache-client-2.21.12.jar:/Users/megatron/.m2/repository/org/apache/httpcomponents/httpclient/4.5.13/httpclient-4.5.13.jar:/Users/megatron/.m2/repository/commons-logging/commons-logging/1.2/commons-logging-1.2.jar:/Users/megatron/.m2/repository/org/apache/httpcomponents/httpcore/4.4.13/httpcore-4.4.13.jar:/Users/megatron/.m2/repository/commons-codec/commons-codec/1.15/commons-codec-1.15.jar:/Users/megatron/.m2/repository/software/amazon/awssdk/netty-nio-client/2.21.12/netty-nio-client-2.21.12.jar:/Users/megatron/.m2/repository/io/netty/netty-codec-http/4.1.100.Final/netty-codec-http-4.1.100.Final.jar:/Users/megatron/.m2/repository/io/netty/netty-codec-http2/4.1.100.Final/netty-codec-http2-4.1.100.Final.jar:/Users/megatron/.m2/repository/io/netty/netty-codec/4.1.100.Final/netty-codec-4.1.100.Final.jar:/Users/megatron/.m2/repository/io/netty/netty-transport/4.1.100.Final/netty-transport-4.1.100.Final.jar:/Users/megatron/.m2/repository/io/netty/netty-common/4.1.100.Final/netty-common-4.1.100.Final.jar:/Users/megatron/.m2/repository/io/netty/netty-buffer/4.1.100.Final/netty-buffer-4.1.100.Final.jar:/Users/megatron/.m2/repository/io/netty/netty-handler/4.1.100.Final/netty-handler-4.1.100.Final.jar:/Users/megatron/.m2/repository/io/netty/netty-transport-native-unix-common/4.1.100.Final/netty-transport-native-unix-common-4.1.100.Final.jar:/Users/megatron/.m2/repository/io/netty/netty-transport-classes-epoll/4.1.100.Final/netty-transport-classes-epoll-4.1.100.Final.jar:/Users/megatron/.m2/repository/io/netty/netty-resolver/4.1.100.Final/netty-resolver-4.1.100.Final.jar:/Users/megatron/.m2/repository/software/amazon/awssdk/apigateway/2.21.12/apigateway-2.21.12.jar:/Users/megatron/.m2/repository/org/junit/jupiter/junit-jupiter/5.8.1/junit-jupiter-5.8.1.jar:/Users/megatron/.m2/repository/org/junit/jupiter/junit-jupiter-api/5.8.1/junit-jupiter-api-5.8.1.jar:/Users/megatron/.m2/repository/org/opentest4j/opentest4j/1.2.0/opentest4j-1.2.0.jar:/Users/megatron/.m2/repository/org/junit/platform/junit-platform-commons/1.8.1/junit-platform-commons-1.8.1.jar:/Users/megatron/.m2/repository/org/apiguardian/apiguardian-api/1.1.2/apiguardian-api-1.1.2.jar:/Users/megatron/.m2/repository/org/junit/jupiter/junit-jupiter-params/5.8.1/junit-jupiter-params-5.8.1.jar:/Users/megatron/.m2/repository/org/junit/jupiter/junit-jupiter-engine/5.8.1/junit-jupiter-engine-5.8.1.jar:/Users/megatron/.m2/repository/org/junit/platform/junit-platform-engine/1.8.1/junit-platform-engine-1.8.1.jar:"/>
    <property name="java.vm.vendor" value="AdoptOpenJDK"/>
    <property name="sun.arch.data.model" value="64"/>
    <property name="java.vendor.url" value="https://adoptopenjdk.net/"/>
    <property name="user.timezone" value=""/>
    <property name="java.vm.specification.version" value="11"/>
    <property name="os.name" value="Mac OS X"/>
    <property name="sun.java.launcher" value="SUN_STANDARD"/>
    <property name="user.country" value="CA"/>
    <property name="sun.boot.library.path" value="/Users/megatron/.sdkman/candidates/java/11.0.11.hs-adpt/lib"/>
    <property name="sun.java.command" value="/Users/megatron/repos/CSC207REAL/swiftify-backend/target/surefire/surefirebooter-20231031214935972_3.jar /Users/megatron/repos/CSC207REAL/swiftify-backend/target/surefire 2023-10-31T21-49-35_577-jvmRun1 surefire-20231031214935972_1tmp surefire_0-20231031214935972_2tmp"/>
    <property name="http.nonProxyHosts" value="local|*.local|169.254/16|*.169.254/16"/>
    <property name="jdk.debug" value="release"/>
    <property name="surefire.test.class.path" value="/Users/megatron/repos/CSC207REAL/swiftify-backend/target/test-classes:/Users/megatron/repos/CSC207REAL/swiftify-backend/target/classes:/Users/megatron/.m2/repository/software/amazon/awssdk/s3/2.21.12/s3-2.21.12.jar:/Users/megatron/.m2/repository/software/amazon/awssdk/aws-xml-protocol/2.21.12/aws-xml-protocol-2.21.12.jar:/Users/megatron/.m2/repository/software/amazon/awssdk/aws-query-protocol/2.21.12/aws-query-protocol-2.21.12.jar:/Users/megatron/.m2/repository/software/amazon/awssdk/protocol-core/2.21.12/protocol-core-2.21.12.jar:/Users/megatron/.m2/repository/software/amazon/awssdk/arns/2.21.12/arns-2.21.12.jar:/Users/megatron/.m2/repository/software/amazon/awssdk/profiles/2.21.12/profiles-2.21.12.jar:/Users/megatron/.m2/repository/software/amazon/awssdk/crt-core/2.21.12/crt-core-2.21.12.jar:/Users/megatron/.m2/repository/software/amazon/awssdk/http-auth/2.21.12/http-auth-2.21.12.jar:/Users/megatron/.m2/repository/software/amazon/awssdk/http-auth-aws/2.21.12/http-auth-aws-2.21.12.jar:/Users/megatron/.m2/repository/software/amazon/awssdk/checksums-spi/2.21.12/checksums-spi-2.21.12.jar:/Users/megatron/.m2/repository/software/amazon/awssdk/checksums/2.21.12/checksums-2.21.12.jar:/Users/megatron/.m2/repository/software/amazon/awssdk/sdk-core/2.21.12/sdk-core-2.21.12.jar:/Users/megatron/.m2/repository/org/slf4j/slf4j-api/1.7.30/slf4j-api-1.7.30.jar:/Users/megatron/.m2/repository/org/reactivestreams/reactive-streams/1.0.4/reactive-streams-1.0.4.jar:/Users/megatron/.m2/repository/software/amazon/awssdk/auth/2.21.12/auth-2.21.12.jar:/Users/megatron/.m2/repository/software/amazon/eventstream/eventstream/1.0.1/eventstream-1.0.1.jar:/Users/megatron/.m2/repository/software/amazon/awssdk/http-auth-spi/2.21.12/http-auth-spi-2.21.12.jar:/Users/megatron/.m2/repository/software/amazon/awssdk/identity-spi/2.21.12/identity-spi-2.21.12.jar:/Users/megatron/.m2/repository/software/amazon/awssdk/http-client-spi/2.21.12/http-client-spi-2.21.12.jar:/Users/megatron/.m2/repository/software/amazon/awssdk/regions/2.21.12/regions-2.21.12.jar:/Users/megatron/.m2/repository/software/amazon/awssdk/annotations/2.21.12/annotations-2.21.12.jar:/Users/megatron/.m2/repository/software/amazon/awssdk/utils/2.21.12/utils-2.21.12.jar:/Users/megatron/.m2/repository/software/amazon/awssdk/aws-core/2.21.12/aws-core-2.21.12.jar:/Users/megatron/.m2/repository/software/amazon/awssdk/metrics-spi/2.21.12/metrics-spi-2.21.12.jar:/Users/megatron/.m2/repository/software/amazon/awssdk/json-utils/2.21.12/json-utils-2.21.12.jar:/Users/megatron/.m2/repository/software/amazon/awssdk/third-party-jackson-core/2.21.12/third-party-jackson-core-2.21.12.jar:/Users/megatron/.m2/repository/software/amazon/awssdk/endpoints-spi/2.21.12/endpoints-spi-2.21.12.jar:/Users/megatron/.m2/repository/software/amazon/awssdk/url-connection-client/2.21.12/url-connection-client-2.21.12.jar:/Users/megatron/.m2/repository/com/amazonaws/aws-lambda-java-core/1.2.3/aws-lambda-java-core-1.2.3.jar:/Users/megatron/.m2/repository/software/amazon/awssdk/dynamodb/2.21.12/dynamodb-2.21.12.jar:/Users/megatron/.m2/repository/software/amazon/awssdk/aws-json-protocol/2.21.12/aws-json-protocol-2.21.12.jar:/Users/megatron/.m2/repository/software/amazon/awssdk/apache-client/2.21.12/apache-client-2.21.12.jar:/Users/megatron/.m2/repository/org/apache/httpcomponents/httpclient/4.5.13/httpclient-4.5.13.jar:/Users/megatron/.m2/repository/commons-logging/commons-logging/1.2/commons-logging-1.2.jar:/Users/megatron/.m2/repository/org/apache/httpcomponents/httpcore/4.4.13/httpcore-4.4.13.jar:/Users/megatron/.m2/repository/commons-codec/commons-codec/1.15/commons-codec-1.15.jar:/Users/megatron/.m2/repository/software/amazon/awssdk/netty-nio-client/2.21.12/netty-nio-client-2.21.12.jar:/Users/megatron/.m2/repository/io/netty/netty-codec-http/4.1.100.Final/netty-codec-http-4.1.100.Final.jar:/Users/megatron/.m2/repository/io/netty/netty-codec-http2/4.1.100.Final/netty-codec-http2-4.1.100.Final.jar:/Users/megatron/.m2/repository/io/netty/netty-codec/4.1.100.Final/netty-codec-4.1.100.Final.jar:/Users/megatron/.m2/repository/io/netty/netty-transport/4.1.100.Final/netty-transport-4.1.100.Final.jar:/Users/megatron/.m2/repository/io/netty/netty-common/4.1.100.Final/netty-common-4.1.100.Final.jar:/Users/megatron/.m2/repository/io/netty/netty-buffer/4.1.100.Final/netty-buffer-4.1.100.Final.jar:/Users/megatron/.m2/repository/io/netty/netty-handler/4.1.100.Final/netty-handler-4.1.100.Final.jar:/Users/megatron/.m2/repository/io/netty/netty-transport-native-unix-common/4.1.100.Final/netty-transport-native-unix-common-4.1.100.Final.jar:/Users/megatron/.m2/repository/io/netty/netty-transport-classes-epoll/4.1.100.Final/netty-transport-classes-epoll-4.1.100.Final.jar:/Users/megatron/.m2/repository/io/netty/netty-resolver/4.1.100.Final/netty-resolver-4.1.100.Final.jar:/Users/megatron/.m2/repository/software/amazon/awssdk/apigateway/2.21.12/apigateway-2.21.12.jar:/Users/megatron/.m2/repository/org/junit/jupiter/junit-jupiter/5.8.1/junit-jupiter-5.8.1.jar:/Users/megatron/.m2/repository/org/junit/jupiter/junit-jupiter-api/5.8.1/junit-jupiter-api-5.8.1.jar:/Users/megatron/.m2/repository/org/opentest4j/opentest4j/1.2.0/opentest4j-1.2.0.jar:/Users/megatron/.m2/repository/org/junit/platform/junit-platform-commons/1.8.1/junit-platform-commons-1.8.1.jar:/Users/megatron/.m2/repository/org/apiguardian/apiguardian-api/1.1.2/apiguardian-api-1.1.2.jar:/Users/megatron/.m2/repository/org/junit/jupiter/junit-jupiter-params/5.8.1/junit-jupiter-params-5.8.1.jar:/Users/megatron/.m2/repository/org/junit/jupiter/junit-jupiter-engine/5.8.1/junit-jupiter-engine-5.8.1.jar:/Users/megatron/.m2/repository/org/junit/platform/junit-platform-engine/1.8.1/junit-platform-engine-1.8.1.jar:"/>
    <property name="sun.cpu.endian" value="little"/>
    <property name="user.home" value="/Users/megatron"/>
    <property name="user.language" value="en"/>
    <property name="java.specification.vendor" value="Oracle Corporation"/>
    <property name="java.version.date" value="2021-04-20"/>
    <property name="java.home" value="/Users/megatron/.sdkman/candidates/java/11.0.11.hs-adpt"/>
    <property name="file.separator" value="/"/>
    <property name="basedir" value="/Users/megatron/repos/CSC207REAL/swiftify-backend"/>
    <property name="java.vm.compressedOopsMode" value="Zero based"/>
    <property name="line.separator" value="&#10;"/>
    <property name="java.specification.name" value="Java Platform API Specification"/>
    <property name="java.vm.specification.vendor" value="Oracle Corporation"/>
    <property name="java.awt.graphicsenv" value="sun.awt.CGraphicsEnvironment"/>
    <property name="surefire.real.class.path" value="/Users/megatron/repos/CSC207REAL/swiftify-backend/target/surefire/surefirebooter-20231031214935972_3.jar"/>
    <property name="sun.management.compiler" value="HotSpot 64-Bit Tiered Compilers"/>
    <property name="ftp.nonProxyHosts" value="local|*.local|169.254/16|*.169.254/16"/>
    <property name="java.runtime.version" value="11.0.11+9"/>
    <property name="user.name" value="megatron"/>
    <property name="path.separator" value=":"/>
    <property name="os.version" value="11.1"/>
    <property name="java.runtime.name" value="OpenJDK Runtime Environment"/>
    <property name="file.encoding" value="UTF-8"/>
    <property name="java.vm.name" value="OpenJDK 64-Bit Server VM"/>
    <property name="java.vendor.version" value="AdoptOpenJDK-11.0.11+9"/>
    <property name="localRepository" value="/Users/megatron/.m2/repository"/>
    <property name="java.vendor.url.bug" value="https://github.com/AdoptOpenJDK/openjdk-support/issues"/>
    <property name="java.io.tmpdir" value="/var/folders/_8/w6cd2x7s1j1787cgk69v2jc00000gn/T/"/>
    <property name="java.version" value="11.0.11"/>
    <property name="user.dir" value="/Users/megatron/repos/CSC207REAL/swiftify-backend"/>
    <property name="os.arch" value="x86_64"/>
    <property name="java.vm.specification.name" value="Java Virtual Machine Specification"/>
    <property name="java.awt.printerjob" value="sun.lwawt.macosx.CPrinterJob"/>
    <property name="sun.os.patch.level" value="unknown"/>
    <property name="java.library.path" value="/Users/megatron/Library/Java/Extensions:/Library/Java/Extensions:/Network/Library/Java/Extensions:/System/Library/Java/Extensions:/usr/lib/java:."/>
    <property name="java.vm.info" value="mixed mode"/>
    <property name="java.vendor" value="AdoptOpenJDK"/>
    <property name="java.vm.version" value="11.0.11+9"/>
    <property name="sun.io.unicode.encoding" value="UnicodeBig"/>
    <property name="java.class.version" value="55.0"/>
    <property name="socksNonProxyHosts" value="local|*.local|169.254/16|*.169.254/16"/>
  </properties>
  <testcase name="handleRequest_shouldReturnConstantValue" classname="com.group113.swiftify.AppTest" time="0.815">
    <system-err><![CDATA[SLF4J: Failed to load class "org.slf4j.impl.StaticLoggerBinder".
SLF4J: Defaulting to no-operation (NOP) logger implementation
SLF4J: See http://www.slf4j.org/codes.html#StaticLoggerBinder for further details.
]]></system-err>
  </testcase>
</testsuite>